2025-11-25T10:23:20.5024295Z Container start method called.
2025-11-25T10:23:20.5025831Z Establishing network.
2025-11-25T10:23:20.5026884Z Pulling image: vaatrregistry.azurecr.io/question-answer-api:latest.
2025-11-25T10:24:10.5771426Z Image vaatrregistry.azurecr.io/question-answer-api:latest is pulled from registry vaatrregistry.azurecr.io
2025-11-25T10:24:10.5782224Z Container is starting.
2025-11-25T10:24:10.5872094Z Establishing user namespace if not established already.
2025-11-25T10:24:10.5881147Z Establishing network if not established already.
2025-11-25T10:24:10.5890995Z Mounting volumes.
2025-11-25T10:24:10.5972141Z Nested mountpoint volatile/logs
2025-11-25T10:24:10.6094101Z Nested mountpoint 
2025-11-25T10:24:10.7686222Z Nested mountpoint 
2025-11-25T10:24:10.9581925Z Creating container.
2025-11-25T10:24:10.9598931Z Creating pipes for streaming container io.
2025-11-25T10:24:10.9694260Z Creating stdout named pipe at /podr/container/pipe/f974c717d556_question-answer-api_main/stdout_4f2bdfad43c24c2dadba0f33ac66edc3.
2025-11-25T10:24:11.0007754Z Successfully created stdout named pipe at: /podr/container/pipe/f974c717d556_question-answer-api_main/stdout_4f2bdfad43c24c2dadba0f33ac66edc3.
2025-11-25T10:24:11.0014426Z Opening named pipe /podr/container/pipe/f974c717d556_question-answer-api_main/stdout_4f2bdfad43c24c2dadba0f33ac66edc3 for reading in non-blocking mode.
2025-11-25T10:24:11.0213278Z Successfully opened named pipe: /podr/container/pipe/f974c717d556_question-answer-api_main/stdout_4f2bdfad43c24c2dadba0f33ac66edc3.
2025-11-25T10:24:11.0592402Z Successfully removed non-blocking flag from /podr/container/pipe/f974c717d556_question-answer-api_main/stdout_4f2bdfad43c24c2dadba0f33ac66edc3.
2025-11-25T10:24:11.0594021Z Creating stderr named pipe at /podr/container/pipe/f974c717d556_question-answer-api_main/stderr_ef78d4ea2f694c54b63824d65f2cc306.
2025-11-25T10:24:11.0595637Z Successfully created stderr named pipe at: /podr/container/pipe/f974c717d556_question-answer-api_main/stderr_ef78d4ea2f694c54b63824d65f2cc306.
2025-11-25T10:24:11.0596347Z Opening named pipe /podr/container/pipe/f974c717d556_question-answer-api_main/stderr_ef78d4ea2f694c54b63824d65f2cc306 for reading in non-blocking mode.
2025-11-25T10:24:11.0597247Z Successfully opened named pipe: /podr/container/pipe/f974c717d556_question-answer-api_main/stderr_ef78d4ea2f694c54b63824d65f2cc306.
2025-11-25T10:24:11.0598053Z Successfully removed non-blocking flag from /podr/container/pipe/f974c717d556_question-answer-api_main/stderr_ef78d4ea2f694c54b63824d65f2cc306.
2025-11-25T10:24:11.0598848Z Creating container with image: vaatrregistry.azurecr.io/question-answer-api:latest from registry: vaatrregistry.azurecr.io and fully qualified image name: vaatrregistry.azurecr.io/question-answer-api:latest
2025-11-25T10:24:12.8515564Z Starting container: f974c717d556_question-answer-api_main.
2025-11-25T10:24:12.9410920Z Starting watchers and probes.
2025-11-25T10:24:12.9602688Z Starting metrics collection.
2025-11-25T10:24:12.9808837Z Container is running.
2025-11-25T10:24:13.2134867Z Container start method finished after 52710 ms.
2025-11-25T10:24:52.2504718Z Site startup probe succeeded after 39.0275836 seconds.
2025-11-25T10:24:52.4432038Z Site started.
2025-11-25T10:25:12.4873205Z Container is terminating. Grace period: 5 seconds.
2025-11-25T10:25:12.5073154Z Stop and delete container. Retry count = 0
2025-11-25T10:25:12.5075069Z Stopping container: 258794a84f3f_question-answer-api_main.
2025-11-25T10:25:18.6872874Z Deleting container: 258794a84f3f_question-answer-api_main. Retry count = 0
2025-11-25T10:25:22.6351543Z Container spec TerminationMessagePolicy  path 
2025-11-25T10:25:22.6533746Z Container is terminated. Total time elapsed: 10164 ms.
2025-11-25T10:25:22.6653731Z Site: question-answer-api stopped.
2025-11-25T10:25:35.4183027Z Container is terminating. Grace period: 5 seconds.
2025-11-25T10:25:35.6203059Z Stop and delete container. Retry count = 0
2025-11-25T10:25:35.6209408Z Stopping container: f974c717d556_question-answer-api_main.
2025-11-25T10:25:41.4113396Z Deleting container: f974c717d556_question-answer-api_main. Retry count = 0
2025-11-25T10:25:43.5063398Z Container spec TerminationMessagePolicy  path 
2025-11-25T10:25:43.5440788Z Container is terminated. Total time elapsed: 8125 ms.
2025-11-25T10:25:43.5450475Z Site: question-answer-api stopped.
2025-11-25T10:26:30.0352087Z Container start method called.
2025-11-25T10:26:30.0737417Z Establishing network.
2025-11-25T10:26:30.0861064Z Pulling image: vaatrregistry.azurecr.io/question-answer-api:latest.
2025-11-25T10:26:30.8338725Z Container is starting.
2025-11-25T10:26:30.8423899Z Establishing user namespace if not established already.
2025-11-25T10:26:30.8437183Z Establishing network if not established already.
2025-11-25T10:26:30.8446932Z Mounting volumes.
2025-11-25T10:26:30.8525407Z Nested mountpoint volatile/logs
2025-11-25T10:26:30.8648654Z Nested mountpoint 
2025-11-25T10:26:30.9949247Z Nested mountpoint 
2025-11-25T10:26:31.0933163Z Creating container.
2025-11-25T10:26:31.0948033Z Creating pipes for streaming container io.
2025-11-25T10:26:31.1041206Z Creating stdout named pipe at /podr/container/pipe/a54d43b1027d_question-answer-api_main/stdout_333bad3c1de0400ba938ebad90a69f4a.
2025-11-25T10:26:31.1441061Z Successfully created stdout named pipe at: /podr/container/pipe/a54d43b1027d_question-answer-api_main/stdout_333bad3c1de0400ba938ebad90a69f4a.
2025-11-25T10:26:31.1552363Z Opening named pipe /podr/container/pipe/a54d43b1027d_question-answer-api_main/stdout_333bad3c1de0400ba938ebad90a69f4a for reading in non-blocking mode.
2025-11-25T10:26:31.1559597Z Successfully opened named pipe: /podr/container/pipe/a54d43b1027d_question-answer-api_main/stdout_333bad3c1de0400ba938ebad90a69f4a.
2025-11-25T10:26:31.1567162Z Successfully removed non-blocking flag from /podr/container/pipe/a54d43b1027d_question-answer-api_main/stdout_333bad3c1de0400ba938ebad90a69f4a.
2025-11-25T10:26:31.1850505Z Creating stderr named pipe at /podr/container/pipe/a54d43b1027d_question-answer-api_main/stderr_8fb3681f5f85424fb5effd5492c60bc9.
2025-11-25T10:26:31.1852446Z Successfully created stderr named pipe at: /podr/container/pipe/a54d43b1027d_question-answer-api_main/stderr_8fb3681f5f85424fb5effd5492c60bc9.
2025-11-25T10:26:31.1853192Z Opening named pipe /podr/container/pipe/a54d43b1027d_question-answer-api_main/stderr_8fb3681f5f85424fb5effd5492c60bc9 for reading in non-blocking mode.
2025-11-25T10:26:31.1854078Z Successfully opened named pipe: /podr/container/pipe/a54d43b1027d_question-answer-api_main/stderr_8fb3681f5f85424fb5effd5492c60bc9.
2025-11-25T10:26:31.1854783Z Successfully removed non-blocking flag from /podr/container/pipe/a54d43b1027d_question-answer-api_main/stderr_8fb3681f5f85424fb5effd5492c60bc9.
2025-11-25T10:26:31.1855531Z Creating container with image: vaatrregistry.azurecr.io/question-answer-api:latest from registry: vaatrregistry.azurecr.io and fully qualified image name: vaatrregistry.azurecr.io/question-answer-api:latest
2025-11-25T10:26:32.2495933Z Starting container: a54d43b1027d_question-answer-api_main.
2025-11-25T10:26:32.4962036Z Starting watchers and probes.
2025-11-25T10:26:32.4964065Z Starting metrics collection.
2025-11-25T10:26:32.5258592Z Container is running.
2025-11-25T10:26:32.6754856Z Container start method finished after 2640 ms.
2025-11-25T10:26:59.4456073Z Site startup probe succeeded after 26.7683974 seconds.
2025-11-25T10:26:59.7505459Z Site started.
2025-11-25T11:31:30.8556899Z Container start method called.
2025-11-25T11:31:30.8566139Z Establishing network.
2025-11-25T11:31:30.8567578Z Pulling image: vaatrregistry.azurecr.io/question-answer-api:latest.
2025-11-25T11:31:33.4602998Z Container is starting.
2025-11-25T11:31:33.4611236Z Establishing user namespace if not established already.
2025-11-25T11:31:33.4615960Z Establishing network if not established already.
2025-11-25T11:31:33.4618218Z Mounting volumes.
2025-11-25T11:31:33.4625410Z Nested mountpoint 
2025-11-25T11:31:33.5530518Z Nested mountpoint volatile/logs
2025-11-25T11:31:33.8137401Z Nested mountpoint 
2025-11-25T11:31:33.9655092Z Nested mountpoint 
2025-11-25T11:31:34.2953151Z Creating container.
2025-11-25T11:31:34.2955125Z Creating pipes for streaming container io.
2025-11-25T11:31:34.2956433Z Creating stdout named pipe at /podr/container/pipe/8efb7044386b_question-answer-api_main/stdout_655c0957df2a49aa8dab6a26f8e46978.
2025-11-25T11:31:34.6890083Z Successfully created stdout named pipe at: /podr/container/pipe/8efb7044386b_question-answer-api_main/stdout_655c0957df2a49aa8dab6a26f8e46978.
2025-11-25T11:31:34.6891358Z Opening named pipe /podr/container/pipe/8efb7044386b_question-answer-api_main/stdout_655c0957df2a49aa8dab6a26f8e46978 for reading in non-blocking mode.
2025-11-25T11:31:34.6892591Z Successfully opened named pipe: /podr/container/pipe/8efb7044386b_question-answer-api_main/stdout_655c0957df2a49aa8dab6a26f8e46978.
2025-11-25T11:31:34.6893330Z Successfully removed non-blocking flag from /podr/container/pipe/8efb7044386b_question-answer-api_main/stdout_655c0957df2a49aa8dab6a26f8e46978.
2025-11-25T11:31:34.6894127Z Creating stderr named pipe at /podr/container/pipe/8efb7044386b_question-answer-api_main/stderr_eb3828add90f4e9eb57191ec89f1e46b.
2025-11-25T11:31:34.7007254Z Successfully created stderr named pipe at: /podr/container/pipe/8efb7044386b_question-answer-api_main/stderr_eb3828add90f4e9eb57191ec89f1e46b.
2025-11-25T11:31:34.7704952Z Opening named pipe /podr/container/pipe/8efb7044386b_question-answer-api_main/stderr_eb3828add90f4e9eb57191ec89f1e46b for reading in non-blocking mode.
2025-11-25T11:31:34.7707274Z Successfully opened named pipe: /podr/container/pipe/8efb7044386b_question-answer-api_main/stderr_eb3828add90f4e9eb57191ec89f1e46b.
2025-11-25T11:31:34.7708318Z Successfully removed non-blocking flag from /podr/container/pipe/8efb7044386b_question-answer-api_main/stderr_eb3828add90f4e9eb57191ec89f1e46b.
2025-11-25T11:31:34.7709161Z Creating container with image: vaatrregistry.azurecr.io/question-answer-api:latest from registry: vaatrregistry.azurecr.io and fully qualified image name: vaatrregistry.azurecr.io/question-answer-api:latest
2025-11-25T11:31:37.3066868Z Starting container: 8efb7044386b_question-answer-api_main.
2025-11-25T11:31:37.7182879Z Starting watchers and probes.
2025-11-25T11:31:37.7185445Z Starting metrics collection.
2025-11-25T11:31:37.7186805Z Container is running.
2025-11-25T11:31:38.5620004Z Container start method finished after 7706 ms.
2025-11-25T11:32:39.2938862Z Site startup probe succeeded after 60.1691049 seconds.
2025-11-25T11:32:40.0669580Z Site started.
2025-11-25T11:33:00.2533880Z Container is terminating. Grace period: 5 seconds.
2025-11-25T11:33:00.3839503Z Stop and delete container. Retry count = 0
2025-11-25T11:33:00.3845797Z Stopping container: a54d43b1027d_question-answer-api_main.
2025-11-25T11:33:06.0266043Z Deleting container: a54d43b1027d_question-answer-api_main. Retry count = 0
2025-11-25T11:33:08.6831503Z Container spec TerminationMessagePolicy  path 
2025-11-25T11:33:08.6844147Z Container is terminated. Total time elapsed: 8429 ms.
2025-11-25T11:33:08.7353649Z Site: question-answer-api stopped.
2025-11-25T11:55:14.9971408Z Container is terminating. Grace period: 5 seconds.
2025-11-25T11:55:15.0371824Z Stop and delete container. Retry count = 0
2025-11-25T11:55:15.0372954Z Stopping container: 8efb7044386b_question-answer-api_main.
2025-11-25T11:55:20.1877986Z Deleting container: 8efb7044386b_question-answer-api_main. Retry count = 0
2025-11-25T11:55:20.6908596Z Container spec TerminationMessagePolicy  path 
2025-11-25T11:55:20.6921195Z Container is terminated. Total time elapsed: 5694 ms.
2025-11-25T11:55:20.6927046Z Site: question-answer-api stopped.
2025-11-25T11:55:47.8851018Z Container start method called.
2025-11-25T11:55:47.8918629Z Establishing network.
2025-11-25T11:55:47.8920559Z Pulling image: vaatrregistry.azurecr.io/question-answer-api:latest.
2025-11-25T11:56:01.0683613Z Image vaatrregistry.azurecr.io/question-answer-api:latest is pulled from registry vaatrregistry.azurecr.io
2025-11-25T11:56:01.0688741Z Container is starting.
2025-11-25T11:56:01.0697674Z Establishing user namespace if not established already.
2025-11-25T11:56:01.0698891Z Establishing network if not established already.
2025-11-25T11:56:01.0700140Z Mounting volumes.
2025-11-25T11:56:01.0773382Z Nested mountpoint 
2025-11-25T11:56:01.0989817Z Nested mountpoint volatile/logs
2025-11-25T11:56:01.1003402Z Nested mountpoint 
2025-11-25T11:56:01.1702136Z Nested mountpoint 
2025-11-25T11:56:01.3999814Z Creating container.
2025-11-25T11:56:01.4006515Z Creating pipes for streaming container io.
2025-11-25T11:56:01.4011500Z Creating stdout named pipe at /podr/container/pipe/6c699a083e17_question-answer-api_main/stdout_29914f3740d6451c81588b59428688b5.
2025-11-25T11:56:01.4014587Z Successfully created stdout named pipe at: /podr/container/pipe/6c699a083e17_question-answer-api_main/stdout_29914f3740d6451c81588b59428688b5.
2025-11-25T11:56:01.4302446Z Opening named pipe /podr/container/pipe/6c699a083e17_question-answer-api_main/stdout_29914f3740d6451c81588b59428688b5 for reading in non-blocking mode.
2025-11-25T11:56:01.4305885Z Successfully opened named pipe: /podr/container/pipe/6c699a083e17_question-answer-api_main/stdout_29914f3740d6451c81588b59428688b5.
2025-11-25T11:56:01.4310953Z Successfully removed non-blocking flag from /podr/container/pipe/6c699a083e17_question-answer-api_main/stdout_29914f3740d6451c81588b59428688b5.
2025-11-25T11:56:01.4317579Z Creating stderr named pipe at /podr/container/pipe/6c699a083e17_question-answer-api_main/stderr_46a2119d19dc484ba2f63c34106587dd.
2025-11-25T11:56:01.4698819Z Successfully created stderr named pipe at: /podr/container/pipe/6c699a083e17_question-answer-api_main/stderr_46a2119d19dc484ba2f63c34106587dd.
2025-11-25T11:56:01.4704013Z Opening named pipe /podr/container/pipe/6c699a083e17_question-answer-api_main/stderr_46a2119d19dc484ba2f63c34106587dd for reading in non-blocking mode.
2025-11-25T11:56:01.4705888Z Successfully opened named pipe: /podr/container/pipe/6c699a083e17_question-answer-api_main/stderr_46a2119d19dc484ba2f63c34106587dd.
2025-11-25T11:56:01.4706977Z Successfully removed non-blocking flag from /podr/container/pipe/6c699a083e17_question-answer-api_main/stderr_46a2119d19dc484ba2f63c34106587dd.
2025-11-25T11:56:01.4708170Z Creating container with image: vaatrregistry.azurecr.io/question-answer-api:latest from registry: vaatrregistry.azurecr.io and fully qualified image name: vaatrregistry.azurecr.io/question-answer-api:latest
2025-11-25T11:56:02.5482099Z Starting container: 6c699a083e17_question-answer-api_main.
2025-11-25T11:56:02.6986231Z Starting watchers and probes.
2025-11-25T11:56:02.6999343Z Starting metrics collection.
2025-11-25T11:56:02.7001888Z Container is running.
2025-11-25T11:56:03.6635140Z Container start method finished after 15739 ms.
2025-11-25T11:56:27.3854281Z Site startup probe succeeded after 23.7203816 seconds.
2025-11-25T11:56:28.0166193Z Site started.
2025-11-25T11:57:33.1181792Z Site: question-answer-api stopped.
2025-11-25T11:57:55.1679174Z Container is terminating. Grace period: 5 seconds.
2025-11-25T11:57:55.2072284Z Stop and delete container. Retry count = 0
2025-11-25T11:57:55.2088285Z Stopping container: 6c699a083e17_question-answer-api_main.
2025-11-25T11:58:00.5076232Z Deleting container: 6c699a083e17_question-answer-api_main. Retry count = 0
2025-11-25T11:58:00.9737779Z Container spec TerminationMessagePolicy  path 
2025-11-25T11:58:00.9803942Z Container is terminated. Total time elapsed: 5811 ms.
2025-11-25T11:58:00.9820864Z Site: question-answer-api stopped.
2025-11-25T11:58:19.7210552Z Container start method called.
2025-11-25T11:58:19.8230672Z Establishing network.
2025-11-25T11:58:19.8233922Z Pulling image: vaatrregistry.azurecr.io/question-answer-api:latest.
2025-11-25T11:58:20.2362268Z Container is starting.
2025-11-25T11:58:20.2369770Z Establishing user namespace if not established already.
2025-11-25T11:58:20.2374237Z Establishing network if not established already.
2025-11-25T11:58:20.2447466Z Mounting volumes.
2025-11-25T11:58:20.2449336Z Nested mountpoint 
2025-11-25T11:58:20.2460773Z Nested mountpoint volatile/logs
2025-11-25T11:58:20.2768010Z Nested mountpoint 
2025-11-25T11:58:20.3371961Z Nested mountpoint 
2025-11-25T11:58:20.4562747Z Creating container.
2025-11-25T11:58:20.4582172Z Creating pipes for streaming container io.
2025-11-25T11:58:20.4587444Z Creating stdout named pipe at /podr/container/pipe/8404d37215e0_question-answer-api_main/stdout_bcfc5382da3d41418aee901f90417eff.
2025-11-25T11:58:20.4865917Z Successfully created stdout named pipe at: /podr/container/pipe/8404d37215e0_question-answer-api_main/stdout_bcfc5382da3d41418aee901f90417eff.
2025-11-25T11:58:20.4884076Z Opening named pipe /podr/container/pipe/8404d37215e0_question-answer-api_main/stdout_bcfc5382da3d41418aee901f90417eff for reading in non-blocking mode.
2025-11-25T11:58:20.5167251Z Successfully opened named pipe: /podr/container/pipe/8404d37215e0_question-answer-api_main/stdout_bcfc5382da3d41418aee901f90417eff.
2025-11-25T11:58:20.5176820Z Successfully removed non-blocking flag from /podr/container/pipe/8404d37215e0_question-answer-api_main/stdout_bcfc5382da3d41418aee901f90417eff.
2025-11-25T11:58:20.5180883Z Creating stderr named pipe at /podr/container/pipe/8404d37215e0_question-answer-api_main/stderr_42cfda42f58644388d620091af870883.
2025-11-25T11:58:20.5185037Z Successfully created stderr named pipe at: /podr/container/pipe/8404d37215e0_question-answer-api_main/stderr_42cfda42f58644388d620091af870883.
2025-11-25T11:58:20.5195275Z Opening named pipe /podr/container/pipe/8404d37215e0_question-answer-api_main/stderr_42cfda42f58644388d620091af870883 for reading in non-blocking mode.
2025-11-25T11:58:20.5495569Z Successfully opened named pipe: /podr/container/pipe/8404d37215e0_question-answer-api_main/stderr_42cfda42f58644388d620091af870883.
2025-11-25T11:58:20.5874355Z Successfully removed non-blocking flag from /podr/container/pipe/8404d37215e0_question-answer-api_main/stderr_42cfda42f58644388d620091af870883.
2025-11-25T11:58:20.5875500Z Creating container with image: vaatrregistry.azurecr.io/question-answer-api:latest from registry: vaatrregistry.azurecr.io and fully qualified image name: vaatrregistry.azurecr.io/question-answer-api:latest
2025-11-25T11:58:21.1035234Z Starting container: 8404d37215e0_question-answer-api_main.
2025-11-25T11:58:21.1923500Z Starting watchers and probes.
2025-11-25T11:58:21.1931535Z Starting metrics collection.
2025-11-25T11:58:21.1932649Z Container is running.
2025-11-25T11:58:21.9589259Z Container start method finished after 2206 ms.
2025-11-25T11:58:44.0067294Z Site startup probe succeeded after 22.037534 seconds.
2025-11-25T11:58:44.2382583Z Site started.
2025-11-25T12:16:23.9817037Z Container start method called.
2025-11-25T12:16:23.9926636Z Establishing network.
2025-11-25T12:16:24.0826010Z Pulling image: vaatrregistry.azurecr.io/question-answer-api:latest.
2025-11-25T12:16:31.4155979Z Container is starting.
2025-11-25T12:16:31.5835219Z Establishing user namespace if not established already.
2025-11-25T12:16:31.5837070Z Establishing network if not established already.
2025-11-25T12:16:31.5838039Z Mounting volumes.
2025-11-25T12:16:31.5839382Z Nested mountpoint 
2025-11-25T12:16:31.5947200Z Nested mountpoint volatile/logs
2025-11-25T12:16:31.7749423Z Nested mountpoint 
2025-11-25T12:16:31.8270491Z Nested mountpoint 
2025-11-25T12:16:32.6624615Z Creating container.
2025-11-25T12:16:32.6625860Z Creating pipes for streaming container io.
2025-11-25T12:16:32.6626950Z Creating stdout named pipe at /podr/container/pipe/8beb09d9b61a_question-answer-api_main/stdout_243469317c4e49338053bae98ff023a2.
2025-11-25T12:16:32.7217963Z Successfully created stdout named pipe at: /podr/container/pipe/8beb09d9b61a_question-answer-api_main/stdout_243469317c4e49338053bae98ff023a2.
2025-11-25T12:16:32.7220347Z Opening named pipe /podr/container/pipe/8beb09d9b61a_question-answer-api_main/stdout_243469317c4e49338053bae98ff023a2 for reading in non-blocking mode.
2025-11-25T12:16:32.7228147Z Successfully opened named pipe: /podr/container/pipe/8beb09d9b61a_question-answer-api_main/stdout_243469317c4e49338053bae98ff023a2.
2025-11-25T12:16:32.7229410Z Successfully removed non-blocking flag from /podr/container/pipe/8beb09d9b61a_question-answer-api_main/stdout_243469317c4e49338053bae98ff023a2.
2025-11-25T12:16:32.7309393Z Creating stderr named pipe at /podr/container/pipe/8beb09d9b61a_question-answer-api_main/stderr_0e39ff99a75144679d1c2d60be7f0517.
2025-11-25T12:16:32.7311742Z Successfully created stderr named pipe at: /podr/container/pipe/8beb09d9b61a_question-answer-api_main/stderr_0e39ff99a75144679d1c2d60be7f0517.
2025-11-25T12:16:32.7312873Z Opening named pipe /podr/container/pipe/8beb09d9b61a_question-answer-api_main/stderr_0e39ff99a75144679d1c2d60be7f0517 for reading in non-blocking mode.
2025-11-25T12:16:32.7616985Z Successfully opened named pipe: /podr/container/pipe/8beb09d9b61a_question-answer-api_main/stderr_0e39ff99a75144679d1c2d60be7f0517.
2025-11-25T12:16:32.7622695Z Successfully removed non-blocking flag from /podr/container/pipe/8beb09d9b61a_question-answer-api_main/stderr_0e39ff99a75144679d1c2d60be7f0517.
2025-11-25T12:16:32.7627433Z Creating container with image: vaatrregistry.azurecr.io/question-answer-api:latest from registry: vaatrregistry.azurecr.io and fully qualified image name: vaatrregistry.azurecr.io/question-answer-api:latest
2025-11-25T12:16:36.4754609Z Starting container: 8beb09d9b61a_question-answer-api_main.
2025-11-25T12:16:36.6963269Z Starting watchers and probes.
2025-11-25T12:16:36.6971617Z Starting metrics collection.
2025-11-25T12:16:36.6979549Z Container is running.
2025-11-25T12:16:38.8507945Z Container start method finished after 14859 ms.
2025-11-25T12:17:27.2679775Z Site startup probe succeeded after 48.3569777 seconds.
2025-11-25T12:17:31.3794306Z Site started.
2025-11-25T12:17:51.9369687Z Container is terminating. Grace period: 5 seconds.
2025-11-25T12:17:52.9410338Z Stop and delete container. Retry count = 0
2025-11-25T12:17:52.9527244Z Stopping container: 8404d37215e0_question-answer-api_main.
2025-11-25T12:17:57.3754788Z Deleting container: 8404d37215e0_question-answer-api_main. Retry count = 0
2025-11-25T12:17:59.0047411Z Container spec TerminationMessagePolicy  path 
2025-11-25T12:17:59.0140276Z Container is terminated. Total time elapsed: 7076 ms.
2025-11-25T12:17:59.0152750Z Site: question-answer-api stopped.
2025-11-25T12:33:19.9012569Z Container start method called.
2025-11-25T12:33:19.9016063Z Establishing network.
2025-11-25T12:33:19.9028872Z Pulling image: vaatrregistry.azurecr.io/question-answer-api:latest.
2025-11-25T12:33:24.6880460Z Container is starting.
2025-11-25T12:33:24.6882983Z Establishing user namespace if not established already.
2025-11-25T12:33:24.6883804Z Establishing network if not established already.
2025-11-25T12:33:24.6885982Z Mounting volumes.
2025-11-25T12:33:24.6887417Z Nested mountpoint 
2025-11-25T12:33:25.4346788Z Nested mountpoint volatile/logs
2025-11-25T12:33:26.4787164Z Nested mountpoint 
2025-11-25T12:33:26.9842051Z Nested mountpoint 
2025-11-25T12:33:28.9437182Z Creating container.
2025-11-25T12:33:28.9526411Z Creating pipes for streaming container io.
2025-11-25T12:33:28.9538709Z Creating stdout named pipe at /podr/container/pipe/0db485d8c95d_question-answer-api_main/stdout_1f035b1b87544665ad669b1e8a727335.
2025-11-25T12:33:28.9553684Z Successfully created stdout named pipe at: /podr/container/pipe/0db485d8c95d_question-answer-api_main/stdout_1f035b1b87544665ad669b1e8a727335.
2025-11-25T12:33:28.9938628Z Opening named pipe /podr/container/pipe/0db485d8c95d_question-answer-api_main/stdout_1f035b1b87544665ad669b1e8a727335 for reading in non-blocking mode.
2025-11-25T12:33:28.9940056Z Successfully opened named pipe: /podr/container/pipe/0db485d8c95d_question-answer-api_main/stdout_1f035b1b87544665ad669b1e8a727335.
2025-11-25T12:33:28.9940782Z Successfully removed non-blocking flag from /podr/container/pipe/0db485d8c95d_question-answer-api_main/stdout_1f035b1b87544665ad669b1e8a727335.
2025-11-25T12:33:29.0431156Z Creating stderr named pipe at /podr/container/pipe/0db485d8c95d_question-answer-api_main/stderr_618606cd2f48405a8f8f5d8e37291f83.
2025-11-25T12:33:29.0435481Z Successfully created stderr named pipe at: /podr/container/pipe/0db485d8c95d_question-answer-api_main/stderr_618606cd2f48405a8f8f5d8e37291f83.
2025-11-25T12:33:29.0436483Z Opening named pipe /podr/container/pipe/0db485d8c95d_question-answer-api_main/stderr_618606cd2f48405a8f8f5d8e37291f83 for reading in non-blocking mode.
2025-11-25T12:33:29.0437508Z Successfully opened named pipe: /podr/container/pipe/0db485d8c95d_question-answer-api_main/stderr_618606cd2f48405a8f8f5d8e37291f83.
2025-11-25T12:33:29.0438214Z Successfully removed non-blocking flag from /podr/container/pipe/0db485d8c95d_question-answer-api_main/stderr_618606cd2f48405a8f8f5d8e37291f83.
2025-11-25T12:33:29.0438987Z Creating container with image: vaatrregistry.azurecr.io/question-answer-api:latest from registry: vaatrregistry.azurecr.io and fully qualified image name: vaatrregistry.azurecr.io/question-answer-api:latest
2025-11-25T12:33:33.3600183Z Starting container: 0db485d8c95d_question-answer-api_main.
2025-11-25T12:33:34.2633882Z Starting watchers and probes.
2025-11-25T12:33:34.2637794Z Starting metrics collection.
2025-11-25T12:33:34.2638869Z Container is running.
2025-11-25T12:33:35.9053123Z Container start method finished after 16003 ms.
2025-11-25T12:34:03.2658551Z Site startup probe failed after 27.1593958 seconds.
2025-11-25T12:34:06.5223567Z Failed to start site. Revert by stopping site.
2025-11-25T12:34:06.6331245Z Container is terminating. Grace period: 5 seconds.
2025-11-25T12:34:07.0153623Z Stop and delete container. Retry count = 0
2025-11-25T12:34:07.0856205Z Stopping container: 0db485d8c95d_question-answer-api_main.
2025-11-25T12:34:13.1121368Z Deleting container: 0db485d8c95d_question-answer-api_main. Retry count = 0
2025-11-25T12:34:16.0495481Z Container spec TerminationMessagePolicy  path 
2025-11-25T12:34:16.0686386Z Container is terminated. Total time elapsed: 9434 ms.
2025-11-25T12:34:16.0699212Z Site container: question-answer-api_main terminated during site startup.
2025-11-25T12:34:16.1095189Z Site: question-answer-api stopped.
2025-11-25T12:34:42.7980436Z Container is terminating. Grace period: 5 seconds.
2025-11-25T12:34:42.8185717Z Stop and delete container. Retry count = 0
2025-11-25T12:34:42.8264187Z Stopping container: 8beb09d9b61a_question-answer-api_main.
2025-11-25T12:34:48.0003782Z Deleting container: 8beb09d9b61a_question-answer-api_main. Retry count = 0
2025-11-25T12:34:48.4838103Z Container spec TerminationMessagePolicy  path 
2025-11-25T12:34:48.4848895Z Container is terminated. Total time elapsed: 5678 ms.
2025-11-25T12:34:48.4854482Z Site: question-answer-api stopped.
2025-11-25T12:35:24.1607354Z Container start method called.
2025-11-25T12:35:24.1816559Z Establishing network.
2025-11-25T12:35:24.1818074Z Pulling image: vaatrregistry.azurecr.io/question-answer-api:latest.
2025-11-25T12:35:39.6877195Z Image vaatrregistry.azurecr.io/question-answer-api:latest is pulled from registry vaatrregistry.azurecr.io
2025-11-25T12:35:39.6955375Z Container is starting.
2025-11-25T12:35:39.6957519Z Establishing user namespace if not established already.
2025-11-25T12:35:39.6958294Z Establishing network if not established already.
2025-11-25T12:35:39.6959244Z Mounting volumes.
2025-11-25T12:35:39.6960350Z Nested mountpoint 
2025-11-25T12:35:39.7474169Z Nested mountpoint volatile/logs
2025-11-25T12:35:39.7863810Z Nested mountpoint 
2025-11-25T12:35:40.0167455Z Nested mountpoint 
2025-11-25T12:35:40.0594078Z Creating container.
2025-11-25T12:35:40.0687227Z Creating pipes for streaming container io.
2025-11-25T12:35:40.0689245Z Creating stdout named pipe at /podr/container/pipe/c4d2fcf9454f_question-answer-api_main/stdout_2653c3e803e1465ab6d4810adb07ed84.
2025-11-25T12:35:40.1294951Z Successfully created stdout named pipe at: /podr/container/pipe/c4d2fcf9454f_question-answer-api_main/stdout_2653c3e803e1465ab6d4810adb07ed84.
2025-11-25T12:35:40.1385902Z Opening named pipe /podr/container/pipe/c4d2fcf9454f_question-answer-api_main/stdout_2653c3e803e1465ab6d4810adb07ed84 for reading in non-blocking mode.
2025-11-25T12:35:40.1488745Z Successfully opened named pipe: /podr/container/pipe/c4d2fcf9454f_question-answer-api_main/stdout_2653c3e803e1465ab6d4810adb07ed84.
2025-11-25T12:35:40.1506568Z Successfully removed non-blocking flag from /podr/container/pipe/c4d2fcf9454f_question-answer-api_main/stdout_2653c3e803e1465ab6d4810adb07ed84.
2025-11-25T12:35:40.1599234Z Creating stderr named pipe at /podr/container/pipe/c4d2fcf9454f_question-answer-api_main/stderr_3026de1c7c194fe6863f4ff4818b718e.
2025-11-25T12:35:40.1680211Z Successfully created stderr named pipe at: /podr/container/pipe/c4d2fcf9454f_question-answer-api_main/stderr_3026de1c7c194fe6863f4ff4818b718e.
2025-11-25T12:35:40.1689175Z Opening named pipe /podr/container/pipe/c4d2fcf9454f_question-answer-api_main/stderr_3026de1c7c194fe6863f4ff4818b718e for reading in non-blocking mode.
2025-11-25T12:35:40.1695587Z Successfully opened named pipe: /podr/container/pipe/c4d2fcf9454f_question-answer-api_main/stderr_3026de1c7c194fe6863f4ff4818b718e.
2025-11-25T12:35:40.1787126Z Successfully removed non-blocking flag from /podr/container/pipe/c4d2fcf9454f_question-answer-api_main/stderr_3026de1c7c194fe6863f4ff4818b718e.
2025-11-25T12:35:40.1788638Z Creating container with image: vaatrregistry.azurecr.io/question-answer-api:latest from registry: vaatrregistry.azurecr.io and fully qualified image name: vaatrregistry.azurecr.io/question-answer-api:latest
2025-11-25T12:35:40.8239639Z Starting container: c4d2fcf9454f_question-answer-api_main.
2025-11-25T12:35:40.9235021Z Starting watchers and probes.
2025-11-25T12:35:40.9337744Z Starting metrics collection.
2025-11-25T12:35:40.9628240Z Container is running.
2025-11-25T12:35:41.2649741Z Container start method finished after 17083 ms.
2025-11-25T12:36:00.3083001Z Site startup probe succeeded after 19.0411349 seconds.
2025-11-25T12:36:00.5576756Z Site started.
2025-11-25T13:10:44.3001708Z Container start method called.
2025-11-25T13:10:44.3105890Z Establishing network.
2025-11-25T13:10:44.3107615Z Pulling image: vaatrregistry.azurecr.io/question-answer-api:latest.
2025-11-25T13:10:47.0972193Z Container is starting.
2025-11-25T13:10:47.0982336Z Establishing user namespace if not established already.
2025-11-25T13:10:47.0991563Z Establishing network if not established already.
2025-11-25T13:10:47.2281412Z Mounting volumes.
2025-11-25T13:10:47.2294046Z Nested mountpoint 
2025-11-25T13:10:47.7917577Z Nested mountpoint volatile/logs
2025-11-25T13:10:47.8223287Z Nested mountpoint 
2025-11-25T13:10:47.8330336Z Nested mountpoint 
2025-11-25T13:10:48.7071244Z Creating container.
2025-11-25T13:10:48.7072118Z Creating pipes for streaming container io.
2025-11-25T13:10:48.7072893Z Creating stdout named pipe at /podr/container/pipe/d060ba1bbfb5_question-answer-api_main/stdout_7a41cc6e8ccb4837955100b9e5c089b9.
2025-11-25T13:10:48.7074929Z Successfully created stdout named pipe at: /podr/container/pipe/d060ba1bbfb5_question-answer-api_main/stdout_7a41cc6e8ccb4837955100b9e5c089b9.
2025-11-25T13:10:48.7075591Z Opening named pipe /podr/container/pipe/d060ba1bbfb5_question-answer-api_main/stdout_7a41cc6e8ccb4837955100b9e5c089b9 for reading in non-blocking mode.
2025-11-25T13:10:48.7076447Z Successfully opened named pipe: /podr/container/pipe/d060ba1bbfb5_question-answer-api_main/stdout_7a41cc6e8ccb4837955100b9e5c089b9.
2025-11-25T13:10:48.7077131Z Successfully removed non-blocking flag from /podr/container/pipe/d060ba1bbfb5_question-answer-api_main/stdout_7a41cc6e8ccb4837955100b9e5c089b9.
2025-11-25T13:10:48.7077844Z Creating stderr named pipe at /podr/container/pipe/d060ba1bbfb5_question-answer-api_main/stderr_5961cbfa50064c569cdb9b1f5f949900.
2025-11-25T13:10:48.7078857Z Successfully created stderr named pipe at: /podr/container/pipe/d060ba1bbfb5_question-answer-api_main/stderr_5961cbfa50064c569cdb9b1f5f949900.
2025-11-25T13:10:48.7079519Z Opening named pipe /podr/container/pipe/d060ba1bbfb5_question-answer-api_main/stderr_5961cbfa50064c569cdb9b1f5f949900 for reading in non-blocking mode.
2025-11-25T13:10:48.7080328Z Successfully opened named pipe: /podr/container/pipe/d060ba1bbfb5_question-answer-api_main/stderr_5961cbfa50064c569cdb9b1f5f949900.
2025-11-25T13:10:48.7081020Z Successfully removed non-blocking flag from /podr/container/pipe/d060ba1bbfb5_question-answer-api_main/stderr_5961cbfa50064c569cdb9b1f5f949900.
2025-11-25T13:10:48.7081727Z Creating container with image: vaatrregistry.azurecr.io/question-answer-api:latest from registry: vaatrregistry.azurecr.io and fully qualified image name: vaatrregistry.azurecr.io/question-answer-api:latest
2025-11-25T13:10:51.8454442Z Starting container: d060ba1bbfb5_question-answer-api_main.
2025-11-25T13:10:54.3609416Z Starting watchers and probes.
2025-11-25T13:10:54.3611872Z Starting metrics collection.
2025-11-25T13:10:54.3612725Z Container is running.
2025-11-25T13:10:55.4089489Z Container start method finished after 11108 ms.
2025-11-25T13:11:11.4033158Z Site startup probe failed after 15.9858673 seconds.
2025-11-25T13:11:12.8112271Z Failed to start site. Revert by stopping site.
2025-11-25T13:11:12.8399630Z Container is terminating. Grace period: 5 seconds.
2025-11-25T13:11:13.0618473Z Stop and delete container. Retry count = 0
2025-11-25T13:11:13.0634009Z Stopping container: d060ba1bbfb5_question-answer-api_main.
2025-11-25T13:11:18.3531893Z Deleting container: d060ba1bbfb5_question-answer-api_main. Retry count = 0
2025-11-25T13:11:19.7840814Z Container spec TerminationMessagePolicy  path 
2025-11-25T13:11:19.7843087Z Container is terminated. Total time elapsed: 6944 ms.
2025-11-25T13:11:19.7920338Z Site container: question-answer-api_main terminated during site startup.
2025-11-25T13:11:19.8022599Z Site: question-answer-api stopped.
2025-11-25T13:11:44.5946279Z Container is terminating. Grace period: 5 seconds.
2025-11-25T13:11:44.6049597Z Stop and delete container. Retry count = 0
2025-11-25T13:11:44.6054709Z Stopping container: c4d2fcf9454f_question-answer-api_main.
2025-11-25T13:11:49.8814852Z Deleting container: c4d2fcf9454f_question-answer-api_main. Retry count = 0
2025-11-25T13:11:50.3356504Z Container spec TerminationMessagePolicy  path 
2025-11-25T13:11:50.3367068Z Container is terminated. Total time elapsed: 5741 ms.
2025-11-25T13:11:50.3377438Z Site: question-answer-api stopped.
2025-11-25T13:12:45.0978432Z Container start method called.
2025-11-25T13:12:45.0986507Z Establishing network.
2025-11-25T13:12:45.1070459Z Pulling image: vaatrregistry.azurecr.io/question-answer-api:latest.
2025-11-25T13:12:57.5478804Z Image vaatrregistry.azurecr.io/question-answer-api:latest is pulled from registry vaatrregistry.azurecr.io
2025-11-25T13:12:57.5673210Z Container is starting.
2025-11-25T13:12:57.5771079Z Establishing user namespace if not established already.
2025-11-25T13:12:57.5783221Z Establishing network if not established already.
2025-11-25T13:12:57.5959648Z Mounting volumes.
2025-11-25T13:12:57.5967583Z Nested mountpoint 
2025-11-25T13:12:57.7057863Z Nested mountpoint volatile/logs
2025-11-25T13:12:57.7083438Z Nested mountpoint 
2025-11-25T13:12:57.8876954Z Nested mountpoint 
2025-11-25T13:12:58.0802178Z Creating container.
2025-11-25T13:12:58.0810989Z Creating pipes for streaming container io.
2025-11-25T13:12:58.0995246Z Creating stdout named pipe at /podr/container/pipe/0a9f2d42daef_question-answer-api_main/stdout_4a8c375597594220bec4187b200ce8d8.
2025-11-25T13:12:58.1386952Z Successfully created stdout named pipe at: /podr/container/pipe/0a9f2d42daef_question-answer-api_main/stdout_4a8c375597594220bec4187b200ce8d8.
2025-11-25T13:12:58.1416258Z Opening named pipe /podr/container/pipe/0a9f2d42daef_question-answer-api_main/stdout_4a8c375597594220bec4187b200ce8d8 for reading in non-blocking mode.
2025-11-25T13:12:58.1812098Z Successfully opened named pipe: /podr/container/pipe/0a9f2d42daef_question-answer-api_main/stdout_4a8c375597594220bec4187b200ce8d8.
2025-11-25T13:12:58.1813706Z Successfully removed non-blocking flag from /podr/container/pipe/0a9f2d42daef_question-answer-api_main/stdout_4a8c375597594220bec4187b200ce8d8.
2025-11-25T13:12:58.1818181Z Creating stderr named pipe at /podr/container/pipe/0a9f2d42daef_question-answer-api_main/stderr_309ee363d65341c4b2c31f6d56f68412.
2025-11-25T13:12:58.1920169Z Successfully created stderr named pipe at: /podr/container/pipe/0a9f2d42daef_question-answer-api_main/stderr_309ee363d65341c4b2c31f6d56f68412.
2025-11-25T13:12:58.2193599Z Opening named pipe /podr/container/pipe/0a9f2d42daef_question-answer-api_main/stderr_309ee363d65341c4b2c31f6d56f68412 for reading in non-blocking mode.
2025-11-25T13:12:58.2202327Z Successfully opened named pipe: /podr/container/pipe/0a9f2d42daef_question-answer-api_main/stderr_309ee363d65341c4b2c31f6d56f68412.
2025-11-25T13:12:58.2203799Z Successfully removed non-blocking flag from /podr/container/pipe/0a9f2d42daef_question-answer-api_main/stderr_309ee363d65341c4b2c31f6d56f68412.
2025-11-25T13:12:58.2205417Z Creating container with image: vaatrregistry.azurecr.io/question-answer-api:latest from registry: vaatrregistry.azurecr.io and fully qualified image name: vaatrregistry.azurecr.io/question-answer-api:latest
2025-11-25T13:12:58.8552353Z Starting container: 0a9f2d42daef_question-answer-api_main.
2025-11-25T13:12:58.9357330Z Starting watchers and probes.
2025-11-25T13:12:58.9459145Z Starting metrics collection.
2025-11-25T13:12:58.9552939Z Container is running.
2025-11-25T13:12:59.2358574Z Container start method finished after 14137 ms.
2025-11-25T13:13:18.2786689Z Site startup probe succeeded after 19.0414487 seconds.
2025-11-25T13:13:18.5505259Z Site started.
2025-11-25T13:25:54.5038271Z Site: question-answer-api stopped.
2025-11-25T13:26:33.3563665Z Container start method called.
2025-11-25T13:26:33.3566047Z Establishing network.
2025-11-25T13:26:33.3568388Z Pulling image: vaatrregistry.azurecr.io/question-answer-api:latest.
2025-11-25T13:26:34.2097722Z Container is starting.
2025-11-25T13:26:34.2110619Z Establishing user namespace if not established already.
2025-11-25T13:26:34.2118443Z Establishing network if not established already.
2025-11-25T13:26:34.2121365Z Mounting volumes.
2025-11-25T13:26:34.2511322Z Nested mountpoint 
2025-11-25T13:26:34.4715334Z Nested mountpoint volatile/logs
2025-11-25T13:26:34.4934061Z Nested mountpoint 
2025-11-25T13:26:34.5113650Z Nested mountpoint 
2025-11-25T13:26:34.9063230Z Creating container.
2025-11-25T13:26:34.9064142Z Creating pipes for streaming container io.
2025-11-25T13:26:34.9064936Z Creating stdout named pipe at /podr/container/pipe/3a6b7e9c11de_question-answer-api_main/stdout_765c19f0fa8e4ec1993968c69db86ad8.
2025-11-25T13:26:34.9066663Z Successfully created stdout named pipe at: /podr/container/pipe/3a6b7e9c11de_question-answer-api_main/stdout_765c19f0fa8e4ec1993968c69db86ad8.
2025-11-25T13:26:34.9067412Z Opening named pipe /podr/container/pipe/3a6b7e9c11de_question-answer-api_main/stdout_765c19f0fa8e4ec1993968c69db86ad8 for reading in non-blocking mode.
2025-11-25T13:26:34.9068427Z Successfully opened named pipe: /podr/container/pipe/3a6b7e9c11de_question-answer-api_main/stdout_765c19f0fa8e4ec1993968c69db86ad8.
2025-11-25T13:26:34.9069170Z Successfully removed non-blocking flag from /podr/container/pipe/3a6b7e9c11de_question-answer-api_main/stdout_765c19f0fa8e4ec1993968c69db86ad8.
2025-11-25T13:26:34.9069933Z Creating stderr named pipe at /podr/container/pipe/3a6b7e9c11de_question-answer-api_main/stderr_63c42c66f2694c2687325ecf8398b424.
2025-11-25T13:26:34.9865372Z Successfully created stderr named pipe at: /podr/container/pipe/3a6b7e9c11de_question-answer-api_main/stderr_63c42c66f2694c2687325ecf8398b424.
2025-11-25T13:26:35.0264422Z Opening named pipe /podr/container/pipe/3a6b7e9c11de_question-answer-api_main/stderr_63c42c66f2694c2687325ecf8398b424 for reading in non-blocking mode.
2025-11-25T13:26:35.0271247Z Successfully opened named pipe: /podr/container/pipe/3a6b7e9c11de_question-answer-api_main/stderr_63c42c66f2694c2687325ecf8398b424.
2025-11-25T13:26:35.0276807Z Successfully removed non-blocking flag from /podr/container/pipe/3a6b7e9c11de_question-answer-api_main/stderr_63c42c66f2694c2687325ecf8398b424.
2025-11-25T13:26:35.0352497Z Creating container with image: vaatrregistry.azurecr.io/question-answer-api:latest from registry: vaatrregistry.azurecr.io and fully qualified image name: vaatrregistry.azurecr.io/question-answer-api:latest
2025-11-25T13:26:37.7613327Z Starting container: 3a6b7e9c11de_question-answer-api_main.
2025-11-25T13:26:37.9122192Z Starting watchers and probes.
2025-11-25T13:26:37.9124108Z Starting metrics collection.
2025-11-25T13:26:37.9125867Z Container is running.
2025-11-25T13:26:38.6066316Z Container start method finished after 5250 ms.
2025-11-25T13:27:05.0796378Z Site startup probe succeeded after 26.4634448 seconds.
2025-11-25T13:27:06.3778508Z Site started.
2025-11-25T13:27:26.8765343Z Container is terminating. Grace period: 5 seconds.
2025-11-25T13:27:26.8974954Z Stop and delete container. Retry count = 0
2025-11-25T13:27:26.9353045Z Stopping container: 0a9f2d42daef_question-answer-api_main.
2025-11-25T13:27:32.2083429Z Deleting container: 0a9f2d42daef_question-answer-api_main. Retry count = 0
2025-11-25T13:27:32.6814575Z Container spec TerminationMessagePolicy  path 
2025-11-25T13:27:32.6897731Z Container is terminated. Total time elapsed: 5805 ms.
2025-11-25T13:27:32.6983202Z Site: question-answer-api stopped.
2025-11-25T13:28:03.9953693Z Container start method called.
2025-11-25T13:28:04.0145024Z Establishing network.
2025-11-25T13:28:04.0146813Z Pulling image: vaatrregistry.azurecr.io/question-answer-api:latest.
2025-11-25T13:28:33.9915326Z Image vaatrregistry.azurecr.io/question-answer-api:latest is pulled from registry vaatrregistry.azurecr.io
2025-11-25T13:28:33.9916916Z Container is starting.
2025-11-25T13:28:33.9926609Z Establishing user namespace if not established already.
2025-11-25T13:28:33.9927780Z Establishing network if not established already.
2025-11-25T13:28:33.9929019Z Mounting volumes.
2025-11-25T13:28:33.9930525Z Nested mountpoint 
2025-11-25T13:28:34.0211353Z Nested mountpoint volatile/logs
2025-11-25T13:28:34.0822384Z Nested mountpoint 
2025-11-25T13:28:34.1336322Z Nested mountpoint 
2025-11-25T13:28:34.3455051Z Creating container.
2025-11-25T13:28:34.3534252Z Creating pipes for streaming container io.
2025-11-25T13:28:34.3540430Z Creating stdout named pipe at /podr/container/pipe/dca46872f223_question-answer-api_main/stdout_13003fafd3674de5874d43724ce7df35.
2025-11-25T13:28:34.4142987Z Successfully created stdout named pipe at: /podr/container/pipe/dca46872f223_question-answer-api_main/stdout_13003fafd3674de5874d43724ce7df35.
2025-11-25T13:28:34.4148074Z Opening named pipe /podr/container/pipe/dca46872f223_question-answer-api_main/stdout_13003fafd3674de5874d43724ce7df35 for reading in non-blocking mode.
2025-11-25T13:28:34.4153360Z Successfully opened named pipe: /podr/container/pipe/dca46872f223_question-answer-api_main/stdout_13003fafd3674de5874d43724ce7df35.
2025-11-25T13:28:34.4157108Z Successfully removed non-blocking flag from /podr/container/pipe/dca46872f223_question-answer-api_main/stdout_13003fafd3674de5874d43724ce7df35.
2025-11-25T13:28:34.4161718Z Creating stderr named pipe at /podr/container/pipe/dca46872f223_question-answer-api_main/stderr_7be887006ccf48c4bdb9cf19cc096475.
2025-11-25T13:28:34.4449342Z Successfully created stderr named pipe at: /podr/container/pipe/dca46872f223_question-answer-api_main/stderr_7be887006ccf48c4bdb9cf19cc096475.
2025-11-25T13:28:34.4451113Z Opening named pipe /podr/container/pipe/dca46872f223_question-answer-api_main/stderr_7be887006ccf48c4bdb9cf19cc096475 for reading in non-blocking mode.
2025-11-25T13:28:34.4452613Z Successfully opened named pipe: /podr/container/pipe/dca46872f223_question-answer-api_main/stderr_7be887006ccf48c4bdb9cf19cc096475.
2025-11-25T13:28:34.4453645Z Successfully removed non-blocking flag from /podr/container/pipe/dca46872f223_question-answer-api_main/stderr_7be887006ccf48c4bdb9cf19cc096475.
2025-11-25T13:28:34.4454750Z Creating container with image: vaatrregistry.azurecr.io/question-answer-api:latest from registry: vaatrregistry.azurecr.io and fully qualified image name: vaatrregistry.azurecr.io/question-answer-api:latest
2025-11-25T13:28:35.4412797Z Starting container: dca46872f223_question-answer-api_main.
2025-11-25T13:28:35.7729688Z Starting watchers and probes.
2025-11-25T13:28:35.7737627Z Starting metrics collection.
2025-11-25T13:28:35.7739208Z Container is running.
2025-11-25T13:28:36.1143411Z Container start method finished after 32118 ms.
2025-11-25T13:29:04.0043736Z Container has finished running with exit code: 1.
2025-11-25T13:29:04.0045878Z Container is terminating. Grace period: 5 seconds.
2025-11-25T13:29:04.0048233Z Stop and delete container. Retry count = 0
2025-11-25T13:29:04.0048967Z Stopping container: dca46872f223_question-answer-api_main.
2025-11-25T13:29:04.0854980Z Deleting container: dca46872f223_question-answer-api_main. Retry count = 0
2025-11-25T13:29:04.6296307Z Container spec TerminationMessagePolicy  path 
2025-11-25T13:29:04.6376334Z Container is terminated. Total time elapsed: 625 ms.
2025-11-25T13:29:04.6382083Z Site container: question-answer-api_main terminated during site startup.
2025-11-25T13:29:04.6481999Z Site startup probe failed after 28.5257206 seconds.
2025-11-25T13:29:04.9216968Z Failed to start site. Revert by stopping site.
2025-11-25T13:29:04.9224386Z Site: question-answer-api stopped.
2025-11-25T13:29:27.8197697Z Container is terminating. Grace period: 5 seconds.
2025-11-25T13:29:27.8292574Z Stop and delete container. Retry count = 0
2025-11-25T13:29:27.8297146Z Stopping container: 3a6b7e9c11de_question-answer-api_main.
2025-11-25T13:29:33.1957379Z Deleting container: 3a6b7e9c11de_question-answer-api_main. Retry count = 0
2025-11-25T13:29:33.9180410Z Container spec TerminationMessagePolicy  path 
2025-11-25T13:29:33.9192634Z Container is terminated. Total time elapsed: 6098 ms.
2025-11-25T13:29:33.9200449Z Site: question-answer-api stopped.
2025-11-25T13:29:06.3096657Z Site container: question-answer-api_managedIdentity terminated during site startup.
2025-11-25T16:01:34.3367471Z Container start method called.
2025-11-25T16:01:34.3381435Z Establishing network.
2025-11-25T16:01:34.3384551Z Pulling image: vaatrregistry.azurecr.io/question-answer-api:latest.
2025-11-25T16:01:35.2111342Z Container is starting.
2025-11-25T16:01:35.2131845Z Establishing user namespace if not established already.
2025-11-25T16:01:35.2213036Z Establishing network if not established already.
2025-11-25T16:01:35.2226626Z Mounting volumes.
2025-11-25T16:01:35.2232679Z Nested mountpoint 
2025-11-25T16:01:35.2624136Z Nested mountpoint volatile/logs
2025-11-25T16:01:35.2933832Z Nested mountpoint 
2025-11-25T16:01:35.3539012Z Nested mountpoint 
2025-11-25T16:01:35.5242738Z Creating container.
2025-11-25T16:01:35.5243694Z Creating pipes for streaming container io.
2025-11-25T16:01:35.5244418Z Creating stdout named pipe at /podr/container/pipe/c63d03515249_question-answer-api_main/stdout_284d6aecbfe94ba6b7adef1672c353d6.
2025-11-25T16:01:35.5643282Z Successfully created stdout named pipe at: /podr/container/pipe/c63d03515249_question-answer-api_main/stdout_284d6aecbfe94ba6b7adef1672c353d6.
2025-11-25T16:01:35.5650222Z Opening named pipe /podr/container/pipe/c63d03515249_question-answer-api_main/stdout_284d6aecbfe94ba6b7adef1672c353d6 for reading in non-blocking mode.
2025-11-25T16:01:35.5652151Z Successfully opened named pipe: /podr/container/pipe/c63d03515249_question-answer-api_main/stdout_284d6aecbfe94ba6b7adef1672c353d6.
2025-11-25T16:01:35.5653045Z Successfully removed non-blocking flag from /podr/container/pipe/c63d03515249_question-answer-api_main/stdout_284d6aecbfe94ba6b7adef1672c353d6.
2025-11-25T16:01:35.6137696Z Creating stderr named pipe at /podr/container/pipe/c63d03515249_question-answer-api_main/stderr_8edbb124663c4b51a38cbd5d356a22db.
2025-11-25T16:01:35.6149614Z Successfully created stderr named pipe at: /podr/container/pipe/c63d03515249_question-answer-api_main/stderr_8edbb124663c4b51a38cbd5d356a22db.
2025-11-25T16:01:35.6331814Z Opening named pipe /podr/container/pipe/c63d03515249_question-answer-api_main/stderr_8edbb124663c4b51a38cbd5d356a22db for reading in non-blocking mode.
2025-11-25T16:01:35.6338610Z Successfully opened named pipe: /podr/container/pipe/c63d03515249_question-answer-api_main/stderr_8edbb124663c4b51a38cbd5d356a22db.
2025-11-25T16:01:35.6344213Z Successfully removed non-blocking flag from /podr/container/pipe/c63d03515249_question-answer-api_main/stderr_8edbb124663c4b51a38cbd5d356a22db.
2025-11-25T16:01:35.6358305Z Creating container with image: vaatrregistry.azurecr.io/question-answer-api:latest from registry: vaatrregistry.azurecr.io and fully qualified image name: vaatrregistry.azurecr.io/question-answer-api:latest
2025-11-25T16:01:36.1274467Z Starting container: c63d03515249_question-answer-api_main.
2025-11-25T16:01:36.2399589Z Starting watchers and probes.
2025-11-25T16:01:36.2693109Z Starting metrics collection.
2025-11-25T16:01:36.2695518Z Container is running.
2025-11-25T16:01:36.5304574Z Container start method finished after 2153 ms.
2025-11-25T16:01:58.7202251Z Container has finished running with exit code: 1.
2025-11-25T16:01:58.7214981Z Container is terminating. Grace period: 5 seconds.
2025-11-25T16:01:58.7294516Z Stop and delete container. Retry count = 0
2025-11-25T16:01:58.7304655Z Stopping container: c63d03515249_question-answer-api_main.
2025-11-25T16:01:58.8301781Z Deleting container: c63d03515249_question-answer-api_main. Retry count = 0
2025-11-25T16:01:59.3973386Z Container spec TerminationMessagePolicy  path 
2025-11-25T16:01:59.4081683Z Container is terminated. Total time elapsed: 679 ms.
2025-11-25T16:01:59.4092742Z Site container: question-answer-api_main terminated during site startup.
2025-11-25T16:01:59.4282945Z Site startup probe failed after 22.7852542 seconds.
2025-11-25T16:01:59.7311138Z Failed to start site. Revert by stopping site.
2025-11-25T16:01:59.7784947Z Site: question-answer-api stopped.
2025-11-25T16:02:01.1694161Z Site container: question-answer-api_managedIdentity terminated during site startup.
2025-11-25T16:02:02.3735756Z Site: question-answer-api will be blocked for 1 minutes till 11/25/2025 16:03:02
2025-11-25T16:02:47.0752088Z Start site prohibitted because the site is being blocked.
2025-11-25T16:03:02.3759566Z Site: question-answer-api is unblocked.
2025-11-25T16:04:19.7095012Z Container start method called.
2025-11-25T16:04:19.7108165Z Establishing network.
2025-11-25T16:04:19.7481754Z Pulling image: vaatrregistry.azurecr.io/question-answer-api:latest.
2025-11-25T16:04:20.2262280Z Container is starting.
2025-11-25T16:04:20.2344018Z Establishing user namespace if not established already.
2025-11-25T16:04:20.2345042Z Establishing network if not established already.
2025-11-25T16:04:20.2345906Z Mounting volumes.
2025-11-25T16:04:20.2347149Z Nested mountpoint 
2025-11-25T16:04:20.2552603Z Nested mountpoint volatile/logs
2025-11-25T16:04:20.3457445Z Nested mountpoint 
2025-11-25T16:04:20.5184504Z Nested mountpoint 
2025-11-25T16:04:20.5371863Z Creating container.
2025-11-25T16:04:20.5478416Z Creating pipes for streaming container io.
2025-11-25T16:04:20.5482440Z Creating stdout named pipe at /podr/container/pipe/82b41ff6c780_question-answer-api_main/stdout_bdb2ef38a2de44b3a9ace675cc262446.
2025-11-25T16:04:20.5692258Z Successfully created stdout named pipe at: /podr/container/pipe/82b41ff6c780_question-answer-api_main/stdout_bdb2ef38a2de44b3a9ace675cc262446.
2025-11-25T16:04:20.5965722Z Opening named pipe /podr/container/pipe/82b41ff6c780_question-answer-api_main/stdout_bdb2ef38a2de44b3a9ace675cc262446 for reading in non-blocking mode.
2025-11-25T16:04:20.5967042Z Successfully opened named pipe: /podr/container/pipe/82b41ff6c780_question-answer-api_main/stdout_bdb2ef38a2de44b3a9ace675cc262446.
2025-11-25T16:04:20.5967752Z Successfully removed non-blocking flag from /podr/container/pipe/82b41ff6c780_question-answer-api_main/stdout_bdb2ef38a2de44b3a9ace675cc262446.
2025-11-25T16:04:20.5968620Z Creating stderr named pipe at /podr/container/pipe/82b41ff6c780_question-answer-api_main/stderr_6b28acb8f4544023a67807eda8399d1a.
2025-11-25T16:04:20.5969943Z Successfully created stderr named pipe at: /podr/container/pipe/82b41ff6c780_question-answer-api_main/stderr_6b28acb8f4544023a67807eda8399d1a.
2025-11-25T16:04:20.5970626Z Opening named pipe /podr/container/pipe/82b41ff6c780_question-answer-api_main/stderr_6b28acb8f4544023a67807eda8399d1a for reading in non-blocking mode.
2025-11-25T16:04:20.5971585Z Successfully opened named pipe: /podr/container/pipe/82b41ff6c780_question-answer-api_main/stderr_6b28acb8f4544023a67807eda8399d1a.
2025-11-25T16:04:20.5972306Z Successfully removed non-blocking flag from /podr/container/pipe/82b41ff6c780_question-answer-api_main/stderr_6b28acb8f4544023a67807eda8399d1a.
2025-11-25T16:04:20.5973061Z Creating container with image: vaatrregistry.azurecr.io/question-answer-api:latest from registry: vaatrregistry.azurecr.io and fully qualified image name: vaatrregistry.azurecr.io/question-answer-api:latest
2025-11-25T16:04:21.1650310Z Starting container: 82b41ff6c780_question-answer-api_main.
2025-11-25T16:04:21.2226441Z Starting watchers and probes.
2025-11-25T16:04:21.2308091Z Starting metrics collection.
2025-11-25T16:04:21.2317987Z Container is running.
2025-11-25T16:04:21.3129049Z Container start method finished after 1602 ms.
2025-11-25T16:04:49.6023430Z Container has finished running with exit code: 1.
2025-11-25T16:04:49.6026970Z Container is terminating. Grace period: 5 seconds.
2025-11-25T16:04:49.6039608Z Stop and delete container. Retry count = 0
2025-11-25T16:04:49.6119964Z Stopping container: 82b41ff6c780_question-answer-api_main.
2025-11-25T16:04:49.6933773Z Deleting container: 82b41ff6c780_question-answer-api_main. Retry count = 0
2025-11-25T16:04:50.1259047Z Container spec TerminationMessagePolicy  path 
2025-11-25T16:04:50.1388105Z Container is terminated. Total time elapsed: 535 ms.
2025-11-25T16:04:50.1401365Z Site container: question-answer-api_main terminated during site startup.
2025-11-25T16:04:50.1457052Z Site startup probe failed after 28.7916955 seconds.
2025-11-25T16:04:50.2983111Z Failed to start site. Revert by stopping site.
2025-11-25T16:04:50.3062211Z Site: question-answer-api stopped.
