2025-11-23T17:32:27.2069142Z Container start method called.
2025-11-23T17:32:27.2660064Z Establishing network.
2025-11-23T17:32:27.2662665Z Pulling image: mruuqregistry.azurecr.io/question-answer-api:latest.
2025-11-23T17:32:35.2437634Z Container pull image failed with reason: ImagePullFailure. Revert by terminate.
2025-11-23T17:32:35.2620439Z Container is terminating. Grace period: 5 seconds.
2025-11-23T17:32:35.2640453Z Container spec TerminationMessagePolicy  path 
2025-11-23T17:32:35.2735569Z Container is terminated. Total time elapsed: 10 ms.
2025-11-23T17:32:35.2745344Z Site container: question-answer-api terminated during site startup.
2025-11-23T17:32:35.4330561Z Failed to start site. Revert by stopping site.
2025-11-23T17:32:35.4950112Z Site: question-answer-api stopped.
2025-11-23T17:32:40.506Z INFO  - Pulling image: mruuqregistry.azurecr.io/question-answer-api:latest
2025-11-23T17:32:40.567Z ERROR - DockerApiException: Docker API responded with status code=InternalServerError, response={"message":"Get \"https://mruuqregistry.azurecr.io/v2/\": dial tcp: lookup mruuqregistry.azurecr.io: no such host"}

2025-11-23T17:32:40.574Z ERROR - Pulling docker image mruuqregistry.azurecr.io/question-answer-api:latest failed:
2025-11-23T17:32:40.618Z ERROR - DockerApiException: Docker API responded with status code=InternalServerError, response={"message":"Get \"https://mruuqregistry.azurecr.io/v2/\": dial tcp: lookup mruuqregistry.azurecr.io: no such host"}

2025-11-23T17:32:40.619Z WARN  - Image pull failed. Defaulting to local copy if present.
2025-11-23T17:32:40.628Z ERROR - Image pull failed: Verify docker image configuration and credentials (if using private repository)
2025-11-23T17:32:40.668Z INFO  - Stopping site question-answer-api because it failed during startup.
2025-11-23T17:32:51.662Z INFO  - Pulling image: mruuqregistry.azurecr.io/question-answer-api:latest
2025-11-23T17:32:51.718Z ERROR - DockerApiException: Docker API responded with status code=InternalServerError, response={"message":"Get \"https://mruuqregistry.azurecr.io/v2/\": dial tcp: lookup mruuqregistry.azurecr.io: no such host"}

2025-11-23T17:32:51.720Z ERROR - Pulling docker image mruuqregistry.azurecr.io/question-answer-api:latest failed:
2025-11-23T17:32:51.766Z ERROR - DockerApiException: Docker API responded with status code=InternalServerError, response={"message":"Get \"https://mruuqregistry.azurecr.io/v2/\": dial tcp: lookup mruuqregistry.azurecr.io: no such host"}

2025-11-23T17:32:51.767Z WARN  - Image pull failed. Defaulting to local copy if present.
2025-11-23T17:32:51.771Z ERROR - Image pull failed: Verify docker image configuration and credentials (if using private repository)
2025-11-23T17:32:51.778Z INFO  - Stopping site question-answer-api because it failed during startup.
2025-11-23T17:33:01.650Z INFO  - Pulling image: mruuqregistry.azurecr.io/question-answer-api:latest
2025-11-23T17:33:02.110Z ERROR - DockerApiException: Docker API responded with status code=InternalServerError, response={"message":"Get \"https://mruuqregistry.azurecr.io/v2/\": dial tcp: lookup mruuqregistry.azurecr.io: no such host"}

2025-11-23T17:33:02.112Z ERROR - Pulling docker image mruuqregistry.azurecr.io/question-answer-api:latest failed:
2025-11-23T17:33:02.205Z ERROR - DockerApiException: Docker API responded with status code=InternalServerError, response={"message":"Get \"https://mruuqregistry.azurecr.io/v2/\": dial tcp: lookup mruuqregistry.azurecr.io: no such host"}

2025-11-23T17:33:02.207Z WARN  - Image pull failed. Defaulting to local copy if present.
2025-11-23T17:33:02.211Z ERROR - Image pull failed: Verify docker image configuration and credentials (if using private repository)
2025-11-23T17:33:02.214Z INFO  - Stopping site question-answer-api because it failed during startup.
2025-11-23T17:33:16.412Z INFO  - Pulling image: mruuqregistry.azurecr.io/question-answer-api:latest
2025-11-23T17:33:16.492Z ERROR - DockerApiException: Docker API responded with status code=InternalServerError, response={"message":"Get \"https://mruuqregistry.azurecr.io/v2/\": dial tcp: lookup mruuqregistry.azurecr.io: no such host"}

2025-11-23T17:33:16.501Z ERROR - Pulling docker image mruuqregistry.azurecr.io/question-answer-api:latest failed:
2025-11-23T17:33:16.545Z ERROR - DockerApiException: Docker API responded with status code=InternalServerError, response={"message":"Get \"https://mruuqregistry.azurecr.io/v2/\": dial tcp: lookup mruuqregistry.azurecr.io: no such host"}

2025-11-23T17:33:16.546Z WARN  - Image pull failed. Defaulting to local copy if present.
2025-11-23T17:33:16.554Z ERROR - Image pull failed: Verify docker image configuration and credentials (if using private repository)
2025-11-23T17:33:16.573Z INFO  - Stopping site question-answer-api because it failed during startup.
2025-11-23T17:35:48.101Z INFO  - Pulling image: mruuqregistry.azurecr.io/question-answer-api:latest
2025-11-23T17:35:48.694Z ERROR - DockerApiException: Docker API responded with status code=InternalServerError, response={"message":"Get \"https://mruuqregistry.azurecr.io/v2/\": dial tcp: lookup mruuqregistry.azurecr.io: no such host"}

2025-11-23T17:35:48.703Z ERROR - Pulling docker image mruuqregistry.azurecr.io/question-answer-api:latest failed:
2025-11-23T17:35:49.025Z ERROR - DockerApiException: Docker API responded with status code=InternalServerError, response={"message":"Get \"https://mruuqregistry.azurecr.io/v2/\": dial tcp: lookup mruuqregistry.azurecr.io: no such host"}

2025-11-23T17:35:49.026Z WARN  - Image pull failed. Defaulting to local copy if present.
2025-11-23T17:35:49.076Z ERROR - Image pull failed: Verify docker image configuration and credentials (if using private repository)
2025-11-23T17:35:49.126Z INFO  - Stopping site question-answer-api because it failed during startup.
2025-11-23T17:38:12.291Z INFO  - Pulling image: vaatrregistry.azurecr.io/question-answer-api:latest
2025-11-23T17:38:12.439Z ERROR - DockerApiException: Docker API responded with status code=InternalServerError, response={"message":"Head \"https://vaatrregistry.azurecr.io/v2/question-answer-api/manifests/latest\": unauthorized: {\"errors\":[{\"code\":\"UNAUTHORIZED\",\"message\":\"authentication required, visit https://aka.ms/acr/authorization for more information. CorrelationId: 0357d29f-ce8c-44ac-9be1-fa30edc2b44e\"}]}"}

2025-11-23T17:38:12.441Z ERROR - Pulling docker image vaatrregistry.azurecr.io/question-answer-api:latest failed:
2025-11-23T17:38:12.514Z ERROR - DockerApiException: Docker API responded with status code=InternalServerError, response={"message":"Head \"https://vaatrregistry.azurecr.io/v2/question-answer-api/manifests/latest\": unauthorized: {\"errors\":[{\"code\":\"UNAUTHORIZED\",\"message\":\"authentication required, visit https://aka.ms/acr/authorization for more information. CorrelationId: f68270ae-3cd5-42eb-b78b-98692c793be5\"}]}"}

2025-11-23T17:38:12.515Z WARN  - Image pull failed. Defaulting to local copy if present.
2025-11-23T17:38:12.518Z ERROR - Image pull failed: Verify docker image configuration and credentials (if using private repository)
2025-11-23T17:38:12.528Z INFO  - Stopping site question-answer-api because it failed during startup.
2025-11-23T17:40:38.558Z INFO  - Pulling image: vaatrregistry.azurecr.io/question-answer-api:latest
2025-11-23T17:40:38.631Z ERROR - DockerApiException: Docker API responded with status code=InternalServerError, response={"message":"Head \"https://vaatrregistry.azurecr.io/v2/question-answer-api/manifests/latest\": unauthorized: {\"errors\":[{\"code\":\"UNAUTHORIZED\",\"message\":\"authentication required, visit https://aka.ms/acr/authorization for more information. CorrelationId: 1cd3e4fe-541b-4554-9295-dd1d54a6d7cd\"}]}"}

2025-11-23T17:40:38.632Z ERROR - Pulling docker image vaatrregistry.azurecr.io/question-answer-api:latest failed:
2025-11-23T17:40:38.695Z ERROR - DockerApiException: Docker API responded with status code=InternalServerError, response={"message":"Head \"https://vaatrregistry.azurecr.io/v2/question-answer-api/manifests/latest\": unauthorized: {\"errors\":[{\"code\":\"UNAUTHORIZED\",\"message\":\"authentication required, visit https://aka.ms/acr/authorization for more information. CorrelationId: fb296105-2d8b-4187-b2a3-4b322215ef2e\"}]}"}

2025-11-23T17:40:38.696Z WARN  - Image pull failed. Defaulting to local copy if present.
2025-11-23T17:40:38.701Z ERROR - Image pull failed: Verify docker image configuration and credentials (if using private repository)
2025-11-23T17:40:38.713Z INFO  - Stopping site question-answer-api because it failed during startup.
2025-11-23T17:53:56.5161675Z Container start method called.
2025-11-23T17:53:56.6144168Z Establishing network.
2025-11-23T17:53:56.6155710Z Pulling image: vaatrregistry.azurecr.io/question-answer-api:latest.
2025-11-23T17:54:16.0954120Z Image vaatrregistry.azurecr.io/question-answer-api:latest is pulled from registry vaatrregistry.azurecr.io
2025-11-23T17:54:16.1038769Z Container is starting.
2025-11-23T17:54:16.1135579Z Establishing user namespace if not established already.
2025-11-23T17:54:16.1140257Z Establishing network if not established already.
2025-11-23T17:54:16.1152419Z Mounting volumes.
2025-11-23T17:54:16.1166969Z Nested mountpoint 
2025-11-23T17:54:16.2049450Z Nested mountpoint volatile/logs
2025-11-23T17:54:16.2392030Z Nested mountpoint 
2025-11-23T17:54:16.2984910Z Nested mountpoint 
2025-11-23T17:54:16.4310271Z Creating container.
2025-11-23T17:54:16.4394407Z Creating pipes for streaming container io.
2025-11-23T17:54:16.4493869Z Creating stdout named pipe at /podr/container/pipe/bfd2b665772b_question-answer-api_main/stdout_a9b38b11005d4f3c92c6956e3382c89e.
2025-11-23T17:54:16.4594406Z Successfully created stdout named pipe at: /podr/container/pipe/bfd2b665772b_question-answer-api_main/stdout_a9b38b11005d4f3c92c6956e3382c89e.
2025-11-23T17:54:16.4595879Z Opening named pipe /podr/container/pipe/bfd2b665772b_question-answer-api_main/stdout_a9b38b11005d4f3c92c6956e3382c89e for reading in non-blocking mode.
2025-11-23T17:54:16.4597241Z Successfully opened named pipe: /podr/container/pipe/bfd2b665772b_question-answer-api_main/stdout_a9b38b11005d4f3c92c6956e3382c89e.
2025-11-23T17:54:16.4609477Z Successfully removed non-blocking flag from /podr/container/pipe/bfd2b665772b_question-answer-api_main/stdout_a9b38b11005d4f3c92c6956e3382c89e.
2025-11-23T17:54:16.4615579Z Creating stderr named pipe at /podr/container/pipe/bfd2b665772b_question-answer-api_main/stderr_8eeff1ce31cc4edcb7333eea8bdebee9.
2025-11-23T17:54:16.4617234Z Successfully created stderr named pipe at: /podr/container/pipe/bfd2b665772b_question-answer-api_main/stderr_8eeff1ce31cc4edcb7333eea8bdebee9.
2025-11-23T17:54:16.4618015Z Opening named pipe /podr/container/pipe/bfd2b665772b_question-answer-api_main/stderr_8eeff1ce31cc4edcb7333eea8bdebee9 for reading in non-blocking mode.
2025-11-23T17:54:16.4618937Z Successfully opened named pipe: /podr/container/pipe/bfd2b665772b_question-answer-api_main/stderr_8eeff1ce31cc4edcb7333eea8bdebee9.
2025-11-23T17:54:16.4702791Z Successfully removed non-blocking flag from /podr/container/pipe/bfd2b665772b_question-answer-api_main/stderr_8eeff1ce31cc4edcb7333eea8bdebee9.
2025-11-23T17:54:16.4711497Z Creating container with image: vaatrregistry.azurecr.io/question-answer-api:latest from registry: vaatrregistry.azurecr.io and fully qualified image name: vaatrregistry.azurecr.io/question-answer-api:latest
2025-11-23T17:54:17.3679322Z Starting container: bfd2b665772b_question-answer-api_main.
2025-11-23T17:54:17.5487130Z Starting watchers and probes.
2025-11-23T17:54:17.5490974Z Starting metrics collection.
2025-11-23T17:54:17.6592803Z Container is running.
2025-11-23T17:54:17.9713261Z Container start method finished after 21444 ms.
2025-11-23T17:54:45.5507755Z Container has finished running with exit code: 1.
2025-11-23T17:54:45.5527805Z Container is terminating. Grace period: 5 seconds.
2025-11-23T17:54:45.6005666Z Stop and delete container. Retry count = 0
2025-11-23T17:54:45.6115100Z Stopping container: bfd2b665772b_question-answer-api_main.
2025-11-23T17:54:45.7728679Z Deleting container: bfd2b665772b_question-answer-api_main. Retry count = 0
2025-11-23T17:54:47.6260803Z Container spec TerminationMessagePolicy  path 
2025-11-23T17:54:47.6351023Z Container is terminated. Total time elapsed: 2073 ms.
2025-11-23T17:54:47.6352756Z Site container: question-answer-api_main terminated during site startup.
2025-11-23T17:54:47.6586653Z Site startup probe failed after 29.4363284 seconds.
2025-11-23T17:54:48.0092539Z Failed to start site. Revert by stopping site.
2025-11-23T17:54:48.0399712Z Site: question-answer-api stopped.
2025-11-23T17:55:36.1741964Z Container start method called.
2025-11-23T17:55:36.1956117Z Establishing network.
2025-11-23T17:55:36.1957672Z Pulling image: vaatrregistry.azurecr.io/question-answer-api:latest.
2025-11-23T17:55:36.3606581Z Container is starting.
2025-11-23T17:55:36.3690629Z Establishing user namespace if not established already.
2025-11-23T17:55:36.3693245Z Establishing network if not established already.
2025-11-23T17:55:36.3696153Z Mounting volumes.
2025-11-23T17:55:36.3699945Z Nested mountpoint 
2025-11-23T17:55:36.3715251Z Nested mountpoint volatile/logs
2025-11-23T17:55:36.3915067Z Nested mountpoint 
2025-11-23T17:55:36.4199192Z Nested mountpoint 
2025-11-23T17:55:36.4665310Z Creating container.
2025-11-23T17:55:36.4698999Z Creating pipes for streaming container io.
2025-11-23T17:55:36.4709189Z Creating stdout named pipe at /podr/container/pipe/b12856ccdea9_question-answer-api_main/stdout_a004c8746dd9485c9c303a9b017ef72a.
2025-11-23T17:55:36.4720029Z Successfully created stdout named pipe at: /podr/container/pipe/b12856ccdea9_question-answer-api_main/stdout_a004c8746dd9485c9c303a9b017ef72a.
2025-11-23T17:55:36.4796114Z Opening named pipe /podr/container/pipe/b12856ccdea9_question-answer-api_main/stdout_a004c8746dd9485c9c303a9b017ef72a for reading in non-blocking mode.
2025-11-23T17:55:36.4806831Z Successfully opened named pipe: /podr/container/pipe/b12856ccdea9_question-answer-api_main/stdout_a004c8746dd9485c9c303a9b017ef72a.
2025-11-23T17:55:36.4813210Z Successfully removed non-blocking flag from /podr/container/pipe/b12856ccdea9_question-answer-api_main/stdout_a004c8746dd9485c9c303a9b017ef72a.
2025-11-23T17:55:36.4820403Z Creating stderr named pipe at /podr/container/pipe/b12856ccdea9_question-answer-api_main/stderr_aa544e669f3d49778d9f81ebfb801ed8.
2025-11-23T17:55:36.4898549Z Successfully created stderr named pipe at: /podr/container/pipe/b12856ccdea9_question-answer-api_main/stderr_aa544e669f3d49778d9f81ebfb801ed8.
2025-11-23T17:55:36.4901728Z Opening named pipe /podr/container/pipe/b12856ccdea9_question-answer-api_main/stderr_aa544e669f3d49778d9f81ebfb801ed8 for reading in non-blocking mode.
2025-11-23T17:55:36.4906631Z Successfully opened named pipe: /podr/container/pipe/b12856ccdea9_question-answer-api_main/stderr_aa544e669f3d49778d9f81ebfb801ed8.
2025-11-23T17:55:36.4909208Z Successfully removed non-blocking flag from /podr/container/pipe/b12856ccdea9_question-answer-api_main/stderr_aa544e669f3d49778d9f81ebfb801ed8.
2025-11-23T17:55:36.4911635Z Creating container with image: vaatrregistry.azurecr.io/question-answer-api:latest from registry: vaatrregistry.azurecr.io and fully qualified image name: vaatrregistry.azurecr.io/question-answer-api:latest
2025-11-23T17:55:37.0644764Z Starting container: b12856ccdea9_question-answer-api_main.
2025-11-23T17:55:37.2168029Z Starting watchers and probes.
2025-11-23T17:55:37.3054566Z Starting metrics collection.
2025-11-23T17:55:37.3059467Z Container is running.
2025-11-23T17:55:37.5261705Z Container start method finished after 1339 ms.
2025-11-23T17:55:57.4011088Z Container has finished running with exit code: 1.
2025-11-23T17:55:57.4015595Z Container is terminating. Grace period: 5 seconds.
2025-11-23T17:55:57.4023197Z Stop and delete container. Retry count = 0
2025-11-23T17:55:57.4096652Z Stopping container: b12856ccdea9_question-answer-api_main.
2025-11-23T17:55:57.4722138Z Deleting container: b12856ccdea9_question-answer-api_main. Retry count = 0
2025-11-23T17:55:58.0464108Z Container spec TerminationMessagePolicy  path 
2025-11-23T17:55:58.0548326Z Container is terminated. Total time elapsed: 653 ms.
2025-11-23T17:55:58.0550544Z Site container: question-answer-api_main terminated during site startup.
2025-11-23T17:55:58.0556381Z Site startup probe failed after 20.4679552 seconds.
2025-11-23T17:55:58.1774268Z Failed to start site. Revert by stopping site.
2025-11-23T17:55:58.2061054Z Site: question-answer-api stopped.
2025-11-23T17:58:16.4710005Z Container start method called.
2025-11-23T17:58:16.4711752Z Establishing network.
2025-11-23T17:58:16.4712796Z Pulling image: vaatrregistry.azurecr.io/question-answer-api:latest.
2025-11-23T17:58:16.7376603Z Container is starting.
2025-11-23T17:58:16.7665637Z Establishing user namespace if not established already.
2025-11-23T17:58:16.7676610Z Establishing network if not established already.
2025-11-23T17:58:16.7682853Z Mounting volumes.
2025-11-23T17:58:16.7691212Z Nested mountpoint 
2025-11-23T17:58:16.7870014Z Nested mountpoint volatile/logs
2025-11-23T17:58:16.7979404Z Nested mountpoint 
2025-11-23T17:58:16.8493445Z Nested mountpoint 
2025-11-23T17:58:16.9179563Z Creating container.
2025-11-23T17:58:16.9185531Z Creating pipes for streaming container io.
2025-11-23T17:58:16.9186919Z Creating stdout named pipe at /podr/container/pipe/b542a3e6767d_question-answer-api_main/stdout_a0b2af3c49d1420e85744a98a4aec997.
2025-11-23T17:58:16.9189220Z Successfully created stdout named pipe at: /podr/container/pipe/b542a3e6767d_question-answer-api_main/stdout_a0b2af3c49d1420e85744a98a4aec997.
2025-11-23T17:58:16.9190256Z Opening named pipe /podr/container/pipe/b542a3e6767d_question-answer-api_main/stdout_a0b2af3c49d1420e85744a98a4aec997 for reading in non-blocking mode.
2025-11-23T17:58:16.9191458Z Successfully opened named pipe: /podr/container/pipe/b542a3e6767d_question-answer-api_main/stdout_a0b2af3c49d1420e85744a98a4aec997.
2025-11-23T17:58:16.9200152Z Successfully removed non-blocking flag from /podr/container/pipe/b542a3e6767d_question-answer-api_main/stdout_a0b2af3c49d1420e85744a98a4aec997.
2025-11-23T17:58:16.9382314Z Creating stderr named pipe at /podr/container/pipe/b542a3e6767d_question-answer-api_main/stderr_444dc7f6b91e4b7baa4e9f4a5179f4d5.
2025-11-23T17:58:16.9385336Z Successfully created stderr named pipe at: /podr/container/pipe/b542a3e6767d_question-answer-api_main/stderr_444dc7f6b91e4b7baa4e9f4a5179f4d5.
2025-11-23T17:58:16.9386497Z Opening named pipe /podr/container/pipe/b542a3e6767d_question-answer-api_main/stderr_444dc7f6b91e4b7baa4e9f4a5179f4d5 for reading in non-blocking mode.
2025-11-23T17:58:16.9391394Z Successfully opened named pipe: /podr/container/pipe/b542a3e6767d_question-answer-api_main/stderr_444dc7f6b91e4b7baa4e9f4a5179f4d5.
2025-11-23T17:58:16.9392655Z Successfully removed non-blocking flag from /podr/container/pipe/b542a3e6767d_question-answer-api_main/stderr_444dc7f6b91e4b7baa4e9f4a5179f4d5.
2025-11-23T17:58:16.9394205Z Creating container with image: vaatrregistry.azurecr.io/question-answer-api:latest from registry: vaatrregistry.azurecr.io and fully qualified image name: vaatrregistry.azurecr.io/question-answer-api:latest
2025-11-23T17:58:17.8037140Z Starting container: b542a3e6767d_question-answer-api_main.
2025-11-23T17:58:18.2361168Z Starting watchers and probes.
2025-11-23T17:58:18.2368450Z Starting metrics collection.
2025-11-23T17:58:18.2369922Z Container is running.
2025-11-23T17:58:18.9728763Z Container start method finished after 2501 ms.
2025-11-23T17:58:40.2358824Z Container has finished running with exit code: 1.
2025-11-23T17:58:40.2360011Z Container is terminating. Grace period: 5 seconds.
2025-11-23T17:58:40.2369986Z Stop and delete container. Retry count = 0
2025-11-23T17:58:40.2370898Z Stopping container: b542a3e6767d_question-answer-api_main.
2025-11-23T17:58:40.3661723Z Deleting container: b542a3e6767d_question-answer-api_main. Retry count = 0
2025-11-23T17:58:40.7508525Z Container spec TerminationMessagePolicy  path 
2025-11-23T17:58:40.7591816Z Container is terminated. Total time elapsed: 522 ms.
2025-11-23T17:58:40.7598195Z Site container: question-answer-api_main terminated during site startup.
2025-11-23T17:58:40.7696249Z Site startup probe failed after 21.695393 seconds.
2025-11-23T17:58:40.9504295Z Failed to start site. Revert by stopping site.
2025-11-23T17:58:40.9516287Z Site: question-answer-api stopped.
2025-11-23T18:01:22.6709229Z Container start method called.
2025-11-23T18:01:22.6715706Z Establishing network.
2025-11-23T18:01:22.6801119Z Pulling image: vaatrregistry.azurecr.io/question-answer-api:latest.
2025-11-23T18:01:24.1698984Z Container is starting.
2025-11-23T18:01:24.1705302Z Establishing user namespace if not established already.
2025-11-23T18:01:24.1706590Z Establishing network if not established already.
2025-11-23T18:01:24.1878352Z Mounting volumes.
2025-11-23T18:01:24.1881920Z Nested mountpoint 
2025-11-23T18:01:24.2591472Z Nested mountpoint volatile/logs
2025-11-23T18:01:24.2686842Z Nested mountpoint 
2025-11-23T18:01:24.2904304Z Nested mountpoint 
2025-11-23T18:01:24.6007404Z Creating container.
2025-11-23T18:01:24.6008344Z Creating pipes for streaming container io.
2025-11-23T18:01:24.6009187Z Creating stdout named pipe at /podr/container/pipe/08a7dd091c09_question-answer-api_main/stdout_04ca76316af84043a55096042def3458.
2025-11-23T18:01:24.6011117Z Successfully created stdout named pipe at: /podr/container/pipe/08a7dd091c09_question-answer-api_main/stdout_04ca76316af84043a55096042def3458.
2025-11-23T18:01:24.6011816Z Opening named pipe /podr/container/pipe/08a7dd091c09_question-answer-api_main/stdout_04ca76316af84043a55096042def3458 for reading in non-blocking mode.
2025-11-23T18:01:24.6012696Z Successfully opened named pipe: /podr/container/pipe/08a7dd091c09_question-answer-api_main/stdout_04ca76316af84043a55096042def3458.
2025-11-23T18:01:24.6013432Z Successfully removed non-blocking flag from /podr/container/pipe/08a7dd091c09_question-answer-api_main/stdout_04ca76316af84043a55096042def3458.
2025-11-23T18:01:24.6014207Z Creating stderr named pipe at /podr/container/pipe/08a7dd091c09_question-answer-api_main/stderr_47c24c6fa22f48a5bd1b3058c093ad14.
2025-11-23T18:01:24.6015221Z Successfully created stderr named pipe at: /podr/container/pipe/08a7dd091c09_question-answer-api_main/stderr_47c24c6fa22f48a5bd1b3058c093ad14.
2025-11-23T18:01:24.6015934Z Opening named pipe /podr/container/pipe/08a7dd091c09_question-answer-api_main/stderr_47c24c6fa22f48a5bd1b3058c093ad14 for reading in non-blocking mode.
2025-11-23T18:01:24.6016735Z Successfully opened named pipe: /podr/container/pipe/08a7dd091c09_question-answer-api_main/stderr_47c24c6fa22f48a5bd1b3058c093ad14.
2025-11-23T18:01:24.6017393Z Successfully removed non-blocking flag from /podr/container/pipe/08a7dd091c09_question-answer-api_main/stderr_47c24c6fa22f48a5bd1b3058c093ad14.
2025-11-23T18:01:24.6018305Z Creating container with image: vaatrregistry.azurecr.io/question-answer-api:latest from registry: vaatrregistry.azurecr.io and fully qualified image name: vaatrregistry.azurecr.io/question-answer-api:latest
2025-11-23T18:01:25.6503764Z Starting container: 08a7dd091c09_question-answer-api_main.
2025-11-23T18:01:26.6853879Z Starting watchers and probes.
2025-11-23T18:01:26.6861023Z Starting metrics collection.
2025-11-23T18:01:26.6862166Z Container is running.
2025-11-23T18:01:27.5611072Z Container start method finished after 4889 ms.
2025-11-23T18:01:48.5327967Z Container has finished running with exit code: 1.
2025-11-23T18:01:48.5410783Z Container is terminating. Grace period: 5 seconds.
2025-11-23T18:01:48.5512064Z Stop and delete container. Retry count = 0
2025-11-23T18:01:48.5516181Z Stopping container: 08a7dd091c09_question-answer-api_main.
2025-11-23T18:01:48.6712754Z Deleting container: 08a7dd091c09_question-answer-api_main. Retry count = 0
2025-11-23T18:01:49.0893058Z Container spec TerminationMessagePolicy  path 
2025-11-23T18:01:49.0975603Z Container is terminated. Total time elapsed: 555 ms.
2025-11-23T18:01:49.0980359Z Site container: question-answer-api_main terminated during site startup.
2025-11-23T18:01:49.1079949Z Site startup probe failed after 21.5460706 seconds.
2025-11-23T18:01:49.2506490Z Failed to start site. Revert by stopping site.
2025-11-23T18:01:49.2602471Z Site: question-answer-api stopped.
2025-11-23T18:02:35.5702530Z Container start method called.
2025-11-23T18:02:35.5984878Z Establishing network.
2025-11-23T18:02:35.5993309Z Pulling image: vaatrregistry.azurecr.io/question-answer-api:latest.
2025-11-23T18:02:36.9188801Z Container is starting.
2025-11-23T18:02:36.9391303Z Establishing user namespace if not established already.
2025-11-23T18:02:36.9393684Z Establishing network if not established already.
2025-11-23T18:02:36.9470313Z Mounting volumes.
2025-11-23T18:02:36.9472564Z Nested mountpoint 
2025-11-23T18:02:36.9673539Z Nested mountpoint volatile/logs
2025-11-23T18:02:37.0483861Z Nested mountpoint 
2025-11-23T18:02:37.3411495Z Nested mountpoint 
2025-11-23T18:02:37.5631545Z Creating container.
2025-11-23T18:02:37.5632877Z Creating pipes for streaming container io.
2025-11-23T18:02:37.5633882Z Creating stdout named pipe at /podr/container/pipe/67d06b61a292_question-answer-api_main/stdout_612a14e6b04f424484a7bcd2d2b77f9a.
2025-11-23T18:02:37.5811886Z Successfully created stdout named pipe at: /podr/container/pipe/67d06b61a292_question-answer-api_main/stdout_612a14e6b04f424484a7bcd2d2b77f9a.
2025-11-23T18:02:37.5815278Z Opening named pipe /podr/container/pipe/67d06b61a292_question-answer-api_main/stdout_612a14e6b04f424484a7bcd2d2b77f9a for reading in non-blocking mode.
2025-11-23T18:02:37.5816922Z Successfully opened named pipe: /podr/container/pipe/67d06b61a292_question-answer-api_main/stdout_612a14e6b04f424484a7bcd2d2b77f9a.
2025-11-23T18:02:37.5818084Z Successfully removed non-blocking flag from /podr/container/pipe/67d06b61a292_question-answer-api_main/stdout_612a14e6b04f424484a7bcd2d2b77f9a.
2025-11-23T18:02:37.5819267Z Creating stderr named pipe at /podr/container/pipe/67d06b61a292_question-answer-api_main/stderr_4bea8835d5eb4439bd54f77a67314c91.
2025-11-23T18:02:37.5820923Z Successfully created stderr named pipe at: /podr/container/pipe/67d06b61a292_question-answer-api_main/stderr_4bea8835d5eb4439bd54f77a67314c91.
2025-11-23T18:02:37.5822105Z Opening named pipe /podr/container/pipe/67d06b61a292_question-answer-api_main/stderr_4bea8835d5eb4439bd54f77a67314c91 for reading in non-blocking mode.
2025-11-23T18:02:37.5823216Z Successfully opened named pipe: /podr/container/pipe/67d06b61a292_question-answer-api_main/stderr_4bea8835d5eb4439bd54f77a67314c91.
2025-11-23T18:02:37.5824238Z Successfully removed non-blocking flag from /podr/container/pipe/67d06b61a292_question-answer-api_main/stderr_4bea8835d5eb4439bd54f77a67314c91.
2025-11-23T18:02:37.5825717Z Creating container with image: vaatrregistry.azurecr.io/question-answer-api:latest from registry: vaatrregistry.azurecr.io and fully qualified image name: vaatrregistry.azurecr.io/question-answer-api:latest
2025-11-23T18:02:39.7349759Z Starting container: 67d06b61a292_question-answer-api_main.
2025-11-23T18:02:40.6722535Z Starting watchers and probes.
2025-11-23T18:02:40.6899795Z Starting metrics collection.
2025-11-23T18:02:40.7430074Z Container is running.
2025-11-23T18:02:41.0226295Z Container start method finished after 5451 ms.
2025-11-23T18:03:10.3633973Z Container has finished running with exit code: 1.
2025-11-23T18:03:10.3641092Z Container is terminating. Grace period: 5 seconds.
2025-11-23T18:03:10.3827467Z Stop and delete container. Retry count = 0
2025-11-23T18:03:10.3832592Z Stopping container: 67d06b61a292_question-answer-api_main.
2025-11-23T18:03:10.4519747Z Deleting container: 67d06b61a292_question-answer-api_main. Retry count = 0
2025-11-23T18:03:10.8655550Z Container spec TerminationMessagePolicy  path 
2025-11-23T18:03:10.8669807Z Container is terminated. Total time elapsed: 492 ms.
2025-11-23T18:03:10.8682674Z Site container: question-answer-api_main terminated during site startup.
2025-11-23T18:03:10.8780973Z Site startup probe failed after 29.8528474 seconds.
2025-11-23T18:03:11.0076724Z Failed to start site. Revert by stopping site.
2025-11-23T18:03:11.0171347Z Site: question-answer-api stopped.
2025-11-23T18:08:35.9025156Z Container start method called.
2025-11-23T18:08:35.9027358Z Establishing network.
2025-11-23T18:08:35.9028579Z Pulling image: vaatrregistry.azurecr.io/question-answer-api:latest.
2025-11-23T18:08:40.6824011Z Image vaatrregistry.azurecr.io/question-answer-api:latest is pulled from registry vaatrregistry.azurecr.io
2025-11-23T18:08:40.6906944Z Container is starting.
2025-11-23T18:08:40.7025308Z Establishing user namespace if not established already.
2025-11-23T18:08:40.7106095Z Establishing network if not established already.
2025-11-23T18:08:40.7129155Z Mounting volumes.
2025-11-23T18:08:40.7223579Z Nested mountpoint 
2025-11-23T18:08:40.7638970Z Nested mountpoint volatile/logs
2025-11-23T18:08:40.8037243Z Nested mountpoint 
2025-11-23T18:08:40.8933757Z Nested mountpoint 
2025-11-23T18:08:41.0056242Z Creating container.
2025-11-23T18:08:41.0236353Z Creating pipes for streaming container io.
2025-11-23T18:08:41.0243841Z Creating stdout named pipe at /podr/container/pipe/23cd5fec9c12_question-answer-api_main/stdout_6990cb03fd414f5ea205c27aa9347e17.
2025-11-23T18:08:41.0254228Z Successfully created stdout named pipe at: /podr/container/pipe/23cd5fec9c12_question-answer-api_main/stdout_6990cb03fd414f5ea205c27aa9347e17.
2025-11-23T18:08:41.0259095Z Opening named pipe /podr/container/pipe/23cd5fec9c12_question-answer-api_main/stdout_6990cb03fd414f5ea205c27aa9347e17 for reading in non-blocking mode.
2025-11-23T18:08:41.0530239Z Successfully opened named pipe: /podr/container/pipe/23cd5fec9c12_question-answer-api_main/stdout_6990cb03fd414f5ea205c27aa9347e17.
2025-11-23T18:08:41.0544156Z Successfully removed non-blocking flag from /podr/container/pipe/23cd5fec9c12_question-answer-api_main/stdout_6990cb03fd414f5ea205c27aa9347e17.
2025-11-23T18:08:41.0559855Z Creating stderr named pipe at /podr/container/pipe/23cd5fec9c12_question-answer-api_main/stderr_37f3f5ccdaea41b78f0652ebef5132be.
2025-11-23T18:08:41.0743247Z Successfully created stderr named pipe at: /podr/container/pipe/23cd5fec9c12_question-answer-api_main/stderr_37f3f5ccdaea41b78f0652ebef5132be.
2025-11-23T18:08:41.0760132Z Opening named pipe /podr/container/pipe/23cd5fec9c12_question-answer-api_main/stderr_37f3f5ccdaea41b78f0652ebef5132be for reading in non-blocking mode.
2025-11-23T18:08:41.0839744Z Successfully opened named pipe: /podr/container/pipe/23cd5fec9c12_question-answer-api_main/stderr_37f3f5ccdaea41b78f0652ebef5132be.
2025-11-23T18:08:41.0844284Z Successfully removed non-blocking flag from /podr/container/pipe/23cd5fec9c12_question-answer-api_main/stderr_37f3f5ccdaea41b78f0652ebef5132be.
2025-11-23T18:08:41.0851302Z Creating container with image: vaatrregistry.azurecr.io/question-answer-api:latest from registry: vaatrregistry.azurecr.io and fully qualified image name: vaatrregistry.azurecr.io/question-answer-api:latest
2025-11-23T18:08:41.6953148Z Starting container: 23cd5fec9c12_question-answer-api_main.
2025-11-23T18:08:41.8641265Z Starting watchers and probes.
2025-11-23T18:08:41.8852205Z Starting metrics collection.
2025-11-23T18:08:41.9245029Z Container is running.
2025-11-23T18:08:42.2480634Z Container start method finished after 6306 ms.
2025-11-23T18:09:05.3195410Z Container has finished running with exit code: 1.
2025-11-23T18:09:05.3196696Z Container is terminating. Grace period: 5 seconds.
2025-11-23T18:09:05.3199097Z Stop and delete container. Retry count = 0
2025-11-23T18:09:05.3199843Z Stopping container: 23cd5fec9c12_question-answer-api_main.
2025-11-23T18:09:05.4497024Z Deleting container: 23cd5fec9c12_question-answer-api_main. Retry count = 0
2025-11-23T18:09:05.8218826Z Container spec TerminationMessagePolicy  path 
2025-11-23T18:09:05.8230381Z Container is terminated. Total time elapsed: 503 ms.
2025-11-23T18:09:05.8242040Z Site container: question-answer-api_main terminated during site startup.
2025-11-23T18:09:05.8429165Z Site startup probe failed after 23.5448797 seconds.
2025-11-23T18:09:06.0048972Z Failed to start site. Revert by stopping site.
2025-11-23T18:09:06.0129408Z Site: question-answer-api stopped.
2025-11-23T18:09:07.0103505Z Site container: question-answer-api_managedIdentity terminated during site startup.
2025-11-23T18:09:43.6017824Z Container start method called.
2025-11-23T18:09:43.6196339Z Establishing network.
2025-11-23T18:09:43.6204832Z Pulling image: vaatrregistry.azurecr.io/question-answer-api:latest.
2025-11-23T18:09:44.0584772Z Container is starting.
2025-11-23T18:09:44.0594980Z Establishing user namespace if not established already.
2025-11-23T18:09:44.0669321Z Establishing network if not established already.
2025-11-23T18:09:44.0677385Z Mounting volumes.
2025-11-23T18:09:44.0689537Z Nested mountpoint 
2025-11-23T18:09:44.0994501Z Nested mountpoint volatile/logs
2025-11-23T18:09:44.1488113Z Nested mountpoint 
2025-11-23T18:09:44.2094574Z Nested mountpoint 
2025-11-23T18:09:44.3507468Z Creating container.
2025-11-23T18:09:44.3600540Z Creating pipes for streaming container io.
2025-11-23T18:09:44.3889251Z Creating stdout named pipe at /podr/container/pipe/b71de27cb3a0_question-answer-api_main/stdout_161e93e8f4de4774a634610897c20eb7.
2025-11-23T18:09:44.3891916Z Successfully created stdout named pipe at: /podr/container/pipe/b71de27cb3a0_question-answer-api_main/stdout_161e93e8f4de4774a634610897c20eb7.
2025-11-23T18:09:44.3892694Z Opening named pipe /podr/container/pipe/b71de27cb3a0_question-answer-api_main/stdout_161e93e8f4de4774a634610897c20eb7 for reading in non-blocking mode.
2025-11-23T18:09:44.3893594Z Successfully opened named pipe: /podr/container/pipe/b71de27cb3a0_question-answer-api_main/stdout_161e93e8f4de4774a634610897c20eb7.
2025-11-23T18:09:44.3894404Z Successfully removed non-blocking flag from /podr/container/pipe/b71de27cb3a0_question-answer-api_main/stdout_161e93e8f4de4774a634610897c20eb7.
2025-11-23T18:09:44.3895244Z Creating stderr named pipe at /podr/container/pipe/b71de27cb3a0_question-answer-api_main/stderr_e0b71826369b4cf28ea04bdb2bbb3022.
2025-11-23T18:09:44.3896542Z Successfully created stderr named pipe at: /podr/container/pipe/b71de27cb3a0_question-answer-api_main/stderr_e0b71826369b4cf28ea04bdb2bbb3022.
2025-11-23T18:09:44.3897276Z Opening named pipe /podr/container/pipe/b71de27cb3a0_question-answer-api_main/stderr_e0b71826369b4cf28ea04bdb2bbb3022 for reading in non-blocking mode.
2025-11-23T18:09:44.3898086Z Successfully opened named pipe: /podr/container/pipe/b71de27cb3a0_question-answer-api_main/stderr_e0b71826369b4cf28ea04bdb2bbb3022.
2025-11-23T18:09:44.3898784Z Successfully removed non-blocking flag from /podr/container/pipe/b71de27cb3a0_question-answer-api_main/stderr_e0b71826369b4cf28ea04bdb2bbb3022.
2025-11-23T18:09:44.3899621Z Creating container with image: vaatrregistry.azurecr.io/question-answer-api:latest from registry: vaatrregistry.azurecr.io and fully qualified image name: vaatrregistry.azurecr.io/question-answer-api:latest
2025-11-23T18:09:45.5278728Z Starting container: b71de27cb3a0_question-answer-api_main.
2025-11-23T18:09:45.6055870Z Starting watchers and probes.
2025-11-23T18:09:45.6059871Z Starting metrics collection.
2025-11-23T18:09:45.6061036Z Container is running.
2025-11-23T18:09:45.9075272Z Container start method finished after 2304 ms.
2025-11-23T18:10:11.7790218Z Container has finished running with exit code: 1.
2025-11-23T18:10:11.7869574Z Container is terminating. Grace period: 5 seconds.
2025-11-23T18:10:11.7877055Z Stop and delete container. Retry count = 0
2025-11-23T18:10:11.7879661Z Stopping container: b71de27cb3a0_question-answer-api_main.
2025-11-23T18:10:11.8683187Z Deleting container: b71de27cb3a0_question-answer-api_main. Retry count = 0
2025-11-23T18:10:12.4516229Z Container spec TerminationMessagePolicy  path 
2025-11-23T18:10:12.4529876Z Container is terminated. Total time elapsed: 665 ms.
2025-11-23T18:10:12.4539921Z Site container: question-answer-api_main terminated during site startup.
2025-11-23T18:10:12.4639646Z Site startup probe failed after 26.4362838 seconds.
2025-11-23T18:10:12.6841588Z Failed to start site. Revert by stopping site.
2025-11-23T18:10:12.6850522Z Site: question-answer-api stopped.
2025-11-23T18:10:13.7637077Z Site container: question-answer-api_managedIdentity terminated during site startup.
2025-11-23T18:10:14.4188367Z Site: question-answer-api will be blocked for 1 minutes till 11/23/2025 18:11:14
2025-11-23T18:11:14.4146300Z Site: question-answer-api is unblocked.
2025-11-23T18:44:55.5509081Z Container start method called.
2025-11-23T18:44:55.5607258Z Establishing network.
2025-11-23T18:44:55.5609890Z Pulling image: vaatrregistry.azurecr.io/question-answer-api:latest.
2025-11-23T18:44:56.5549119Z Container is starting.
2025-11-23T18:44:56.5746502Z Establishing user namespace if not established already.
2025-11-23T18:44:56.5837147Z Establishing network if not established already.
2025-11-23T18:44:56.5929333Z Mounting volumes.
2025-11-23T18:44:56.6174812Z Nested mountpoint 
2025-11-23T18:44:56.6459592Z Nested mountpoint volatile/logs
2025-11-23T18:44:56.6841080Z Nested mountpoint 
2025-11-23T18:44:56.7143166Z Nested mountpoint 
2025-11-23T18:44:56.9750867Z Creating container.
2025-11-23T18:44:56.9769747Z Creating pipes for streaming container io.
2025-11-23T18:44:56.9783316Z Creating stdout named pipe at /podr/container/pipe/df4526f7c911_question-answer-api_main/stdout_7a4d2517eefc44408b687e5710c2bcea.
2025-11-23T18:44:56.9973053Z Successfully created stdout named pipe at: /podr/container/pipe/df4526f7c911_question-answer-api_main/stdout_7a4d2517eefc44408b687e5710c2bcea.
2025-11-23T18:44:56.9974102Z Opening named pipe /podr/container/pipe/df4526f7c911_question-answer-api_main/stdout_7a4d2517eefc44408b687e5710c2bcea for reading in non-blocking mode.
2025-11-23T18:44:56.9975064Z Successfully opened named pipe: /podr/container/pipe/df4526f7c911_question-answer-api_main/stdout_7a4d2517eefc44408b687e5710c2bcea.
2025-11-23T18:44:56.9975787Z Successfully removed non-blocking flag from /podr/container/pipe/df4526f7c911_question-answer-api_main/stdout_7a4d2517eefc44408b687e5710c2bcea.
2025-11-23T18:44:56.9976643Z Creating stderr named pipe at /podr/container/pipe/df4526f7c911_question-answer-api_main/stderr_a981c93291d24047a59aa1f956f1e71e.
2025-11-23T18:44:56.9977766Z Successfully created stderr named pipe at: /podr/container/pipe/df4526f7c911_question-answer-api_main/stderr_a981c93291d24047a59aa1f956f1e71e.
2025-11-23T18:44:56.9978442Z Opening named pipe /podr/container/pipe/df4526f7c911_question-answer-api_main/stderr_a981c93291d24047a59aa1f956f1e71e for reading in non-blocking mode.
2025-11-23T18:44:56.9979424Z Successfully opened named pipe: /podr/container/pipe/df4526f7c911_question-answer-api_main/stderr_a981c93291d24047a59aa1f956f1e71e.
2025-11-23T18:44:56.9980112Z Successfully removed non-blocking flag from /podr/container/pipe/df4526f7c911_question-answer-api_main/stderr_a981c93291d24047a59aa1f956f1e71e.
2025-11-23T18:44:56.9980958Z Creating container with image: vaatrregistry.azurecr.io/question-answer-api:latest from registry: vaatrregistry.azurecr.io and fully qualified image name: vaatrregistry.azurecr.io/question-answer-api:latest
2025-11-23T18:44:57.8236940Z Starting container: df4526f7c911_question-answer-api_main.
2025-11-23T18:44:57.9728768Z Starting watchers and probes.
2025-11-23T18:44:58.0144568Z Starting metrics collection.
2025-11-23T18:44:58.0147479Z Container is running.
2025-11-23T18:44:58.5176721Z Container start method finished after 2966 ms.
2025-11-23T18:45:29.2407635Z Container has finished running with exit code: 1.
2025-11-23T18:45:29.2494401Z Container is terminating. Grace period: 5 seconds.
2025-11-23T18:45:29.2590604Z Stop and delete container. Retry count = 0
2025-11-23T18:45:29.2603348Z Stopping container: df4526f7c911_question-answer-api_main.
2025-11-23T18:45:29.2991161Z Container get mounts received unexpected exception.
2025-11-23T18:45:29.3084415Z Container get mounts received unexpected exception.
2025-11-23T18:45:29.7203083Z Deleting container: df4526f7c911_question-answer-api_main. Retry count = 0
2025-11-23T18:45:30.8700387Z Container spec TerminationMessagePolicy  path 
2025-11-23T18:45:30.8787756Z Container is terminated. Total time elapsed: 1627 ms.
2025-11-23T18:45:30.8868054Z Site container: question-answer-api_main terminated during site startup.
2025-11-23T18:45:30.9079759Z Site startup probe failed after 32.218656 seconds.
2025-11-23T18:45:31.1584712Z Failed to start site. Revert by stopping site.
2025-11-23T18:45:31.1783392Z Site: question-answer-api stopped.
2025-11-23T18:45:32.7783513Z Site container: question-answer-api_managedIdentity terminated during site startup.
2025-11-23T18:45:33.5923279Z Site: question-answer-api will be blocked for 1 minutes till 11/23/2025 18:46:33
2025-11-23T18:46:33.5927119Z Site: question-answer-api is unblocked.
2025-11-23T19:19:51.0265891Z Container start method called.
2025-11-23T19:19:51.0345158Z Establishing network.
2025-11-23T19:19:51.0354837Z Pulling image: vaatrregistry.azurecr.io/question-answer-api:latest.
2025-11-23T19:19:51.9454484Z Container is starting.
2025-11-23T19:19:51.9503375Z Establishing user namespace if not established already.
2025-11-23T19:19:51.9505283Z Establishing network if not established already.
2025-11-23T19:19:51.9506276Z Mounting volumes.
2025-11-23T19:19:51.9516360Z Nested mountpoint 
2025-11-23T19:19:52.0123643Z Nested mountpoint volatile/logs
2025-11-23T19:19:52.0322063Z Nested mountpoint 
2025-11-23T19:19:52.0715399Z Nested mountpoint 
2025-11-23T19:19:52.1710149Z Creating container.
2025-11-23T19:19:52.1711685Z Creating pipes for streaming container io.
2025-11-23T19:19:52.1723030Z Creating stdout named pipe at /podr/container/pipe/c5eac75d11b8_question-answer-api_main/stdout_44a8701abba74d64a705419d9b337e4e.
2025-11-23T19:19:52.1726503Z Successfully created stdout named pipe at: /podr/container/pipe/c5eac75d11b8_question-answer-api_main/stdout_44a8701abba74d64a705419d9b337e4e.
2025-11-23T19:19:52.1727764Z Opening named pipe /podr/container/pipe/c5eac75d11b8_question-answer-api_main/stdout_44a8701abba74d64a705419d9b337e4e for reading in non-blocking mode.
2025-11-23T19:19:52.1729075Z Successfully opened named pipe: /podr/container/pipe/c5eac75d11b8_question-answer-api_main/stdout_44a8701abba74d64a705419d9b337e4e.
2025-11-23T19:19:52.1730484Z Successfully removed non-blocking flag from /podr/container/pipe/c5eac75d11b8_question-answer-api_main/stdout_44a8701abba74d64a705419d9b337e4e.
2025-11-23T19:19:52.1731784Z Creating stderr named pipe at /podr/container/pipe/c5eac75d11b8_question-answer-api_main/stderr_c07c7ff80ff54c07bfffe0fb0960a0fa.
2025-11-23T19:19:52.1733292Z Successfully created stderr named pipe at: /podr/container/pipe/c5eac75d11b8_question-answer-api_main/stderr_c07c7ff80ff54c07bfffe0fb0960a0fa.
2025-11-23T19:19:52.1734935Z Opening named pipe /podr/container/pipe/c5eac75d11b8_question-answer-api_main/stderr_c07c7ff80ff54c07bfffe0fb0960a0fa for reading in non-blocking mode.
2025-11-23T19:19:52.1736269Z Successfully opened named pipe: /podr/container/pipe/c5eac75d11b8_question-answer-api_main/stderr_c07c7ff80ff54c07bfffe0fb0960a0fa.
2025-11-23T19:19:52.2111705Z Successfully removed non-blocking flag from /podr/container/pipe/c5eac75d11b8_question-answer-api_main/stderr_c07c7ff80ff54c07bfffe0fb0960a0fa.
2025-11-23T19:19:52.2115058Z Creating container with image: vaatrregistry.azurecr.io/question-answer-api:latest from registry: vaatrregistry.azurecr.io and fully qualified image name: vaatrregistry.azurecr.io/question-answer-api:latest
2025-11-23T19:19:52.7654316Z Starting container: c5eac75d11b8_question-answer-api_main.
2025-11-23T19:19:52.8256402Z Starting watchers and probes.
2025-11-23T19:19:52.8272834Z Starting metrics collection.
2025-11-23T19:19:52.8361864Z Container is running.
2025-11-23T19:19:53.5259796Z Container start method finished after 2498 ms.
2025-11-23T19:20:18.9073953Z Container has finished running with exit code: 1.
2025-11-23T19:20:18.9081209Z Container is terminating. Grace period: 5 seconds.
2025-11-23T19:20:18.9824297Z Stop and delete container. Retry count = 0
2025-11-23T19:20:18.9835063Z Stopping container: c5eac75d11b8_question-answer-api_main.
2025-11-23T19:20:19.1573715Z Deleting container: c5eac75d11b8_question-answer-api_main. Retry count = 0
2025-11-23T19:20:19.8849327Z Container spec TerminationMessagePolicy  path 
2025-11-23T19:20:19.9138173Z Container is terminated. Total time elapsed: 967 ms.
2025-11-23T19:20:19.9146767Z Site container: question-answer-api_main terminated during site startup.
2025-11-23T19:20:19.9450588Z Site startup probe failed after 26.2274307 seconds.
2025-11-23T19:20:20.2739749Z Failed to start site. Revert by stopping site.
2025-11-23T19:20:20.2859095Z Site: question-answer-api stopped.
2025-11-23T19:20:22.0498929Z Site container: question-answer-api_managedIdentity terminated during site startup.
2025-11-23T19:20:22.6014978Z Site: question-answer-api will be blocked for 2 minutes till 11/23/2025 19:22:22
2025-11-23T19:22:22.6031631Z Site: question-answer-api is unblocked.
2025-11-23T19:54:53.3396409Z Container start method called.
2025-11-23T19:54:53.3407949Z Establishing network.
2025-11-23T19:54:53.3600120Z Pulling image: vaatrregistry.azurecr.io/question-answer-api:latest.
2025-11-23T19:54:54.3826966Z Container is starting.
2025-11-23T19:54:54.3834408Z Establishing user namespace if not established already.
2025-11-23T19:54:54.3837855Z Establishing network if not established already.
2025-11-23T19:54:54.4009897Z Mounting volumes.
2025-11-23T19:54:54.4011808Z Nested mountpoint 
2025-11-23T19:54:54.4940212Z Nested mountpoint volatile/logs
2025-11-23T19:54:54.5036195Z Nested mountpoint 
2025-11-23T19:54:54.5850911Z Nested mountpoint 
2025-11-23T19:54:54.8364949Z Creating container.
2025-11-23T19:54:54.8366321Z Creating pipes for streaming container io.
2025-11-23T19:54:54.8367422Z Creating stdout named pipe at /podr/container/pipe/5fbcfb866b57_question-answer-api_main/stdout_9474a2f0e86b4591adebd9060463d2bc.
2025-11-23T19:54:54.8761648Z Successfully created stdout named pipe at: /podr/container/pipe/5fbcfb866b57_question-answer-api_main/stdout_9474a2f0e86b4591adebd9060463d2bc.
2025-11-23T19:54:54.8768562Z Opening named pipe /podr/container/pipe/5fbcfb866b57_question-answer-api_main/stdout_9474a2f0e86b4591adebd9060463d2bc for reading in non-blocking mode.
2025-11-23T19:54:54.8843910Z Successfully opened named pipe: /podr/container/pipe/5fbcfb866b57_question-answer-api_main/stdout_9474a2f0e86b4591adebd9060463d2bc.
2025-11-23T19:54:54.8849445Z Successfully removed non-blocking flag from /podr/container/pipe/5fbcfb866b57_question-answer-api_main/stdout_9474a2f0e86b4591adebd9060463d2bc.
2025-11-23T19:54:54.8852031Z Creating stderr named pipe at /podr/container/pipe/5fbcfb866b57_question-answer-api_main/stderr_c4dae72378e945cbbbc919c36cb82ba4.
2025-11-23T19:54:54.8855576Z Successfully created stderr named pipe at: /podr/container/pipe/5fbcfb866b57_question-answer-api_main/stderr_c4dae72378e945cbbbc919c36cb82ba4.
2025-11-23T19:54:54.8857680Z Opening named pipe /podr/container/pipe/5fbcfb866b57_question-answer-api_main/stderr_c4dae72378e945cbbbc919c36cb82ba4 for reading in non-blocking mode.
2025-11-23T19:54:54.8858988Z Successfully opened named pipe: /podr/container/pipe/5fbcfb866b57_question-answer-api_main/stderr_c4dae72378e945cbbbc919c36cb82ba4.
2025-11-23T19:54:54.8861836Z Successfully removed non-blocking flag from /podr/container/pipe/5fbcfb866b57_question-answer-api_main/stderr_c4dae72378e945cbbbc919c36cb82ba4.
2025-11-23T19:54:54.8863539Z Creating container with image: vaatrregistry.azurecr.io/question-answer-api:latest from registry: vaatrregistry.azurecr.io and fully qualified image name: vaatrregistry.azurecr.io/question-answer-api:latest
2025-11-23T19:54:55.3766305Z Starting container: 5fbcfb866b57_question-answer-api_main.
2025-11-23T19:54:55.5181679Z Starting watchers and probes.
2025-11-23T19:54:55.5292852Z Starting metrics collection.
2025-11-23T19:54:55.5296680Z Container is running.
2025-11-23T19:54:55.6396958Z Container start method finished after 2299 ms.
2025-11-23T19:55:19.3316485Z Container has finished running with exit code: 1.
2025-11-23T19:55:19.3414243Z Container is terminating. Grace period: 5 seconds.
2025-11-23T19:55:19.3824291Z Stop and delete container. Retry count = 0
2025-11-23T19:55:19.4111591Z Stopping container: 5fbcfb866b57_question-answer-api_main.
2025-11-23T19:55:19.5209007Z Deleting container: 5fbcfb866b57_question-answer-api_main. Retry count = 0
2025-11-23T19:55:20.5987387Z Container spec TerminationMessagePolicy  path 
2025-11-23T19:55:20.6284957Z Container is terminated. Total time elapsed: 1268 ms.
2025-11-23T19:55:20.6386628Z Site container: question-answer-api_main terminated during site startup.
2025-11-23T19:55:20.6876076Z Site startup probe failed after 24.8990781 seconds.
2025-11-23T19:55:22.0267316Z Failed to start site. Revert by stopping site.
2025-11-23T19:55:22.0307847Z Site: question-answer-api stopped.
2025-11-23T19:55:23.5747758Z Site container: question-answer-api_managedIdentity terminated during site startup.
2025-11-23T19:55:24.0687652Z Site: question-answer-api will be blocked for 2 minutes till 11/23/2025 19:57:24
2025-11-23T19:57:24.0711074Z Site: question-answer-api is unblocked.
2025-11-23T20:29:54.0196870Z Container start method called.
2025-11-23T20:29:54.0198585Z Establishing network.
2025-11-23T20:29:54.0199757Z Pulling image: vaatrregistry.azurecr.io/question-answer-api:latest.
2025-11-23T20:29:54.7248601Z Container is starting.
2025-11-23T20:29:54.7292702Z Establishing user namespace if not established already.
2025-11-23T20:29:54.7294630Z Establishing network if not established already.
2025-11-23T20:29:54.7304822Z Mounting volumes.
2025-11-23T20:29:54.7400867Z Nested mountpoint 
2025-11-23T20:29:54.7796072Z Nested mountpoint volatile/logs
2025-11-23T20:29:54.8018671Z Nested mountpoint 
2025-11-23T20:29:54.8418964Z Nested mountpoint 
2025-11-23T20:29:55.0615033Z Creating container.
2025-11-23T20:29:55.0631494Z Creating pipes for streaming container io.
2025-11-23T20:29:55.0811372Z Creating stdout named pipe at /podr/container/pipe/3baa5d749e03_question-answer-api_main/stdout_8b71d9f121544273801c6b936b994c8e.
2025-11-23T20:29:55.0818218Z Successfully created stdout named pipe at: /podr/container/pipe/3baa5d749e03_question-answer-api_main/stdout_8b71d9f121544273801c6b936b994c8e.
2025-11-23T20:29:55.0821336Z Opening named pipe /podr/container/pipe/3baa5d749e03_question-answer-api_main/stdout_8b71d9f121544273801c6b936b994c8e for reading in non-blocking mode.
2025-11-23T20:29:55.0823952Z Successfully opened named pipe: /podr/container/pipe/3baa5d749e03_question-answer-api_main/stdout_8b71d9f121544273801c6b936b994c8e.
2025-11-23T20:29:55.0826593Z Successfully removed non-blocking flag from /podr/container/pipe/3baa5d749e03_question-answer-api_main/stdout_8b71d9f121544273801c6b936b994c8e.
2025-11-23T20:29:55.0829934Z Creating stderr named pipe at /podr/container/pipe/3baa5d749e03_question-answer-api_main/stderr_95e6ebe0229a44ac8922cf2afd9a0e6c.
2025-11-23T20:29:55.0832792Z Successfully created stderr named pipe at: /podr/container/pipe/3baa5d749e03_question-answer-api_main/stderr_95e6ebe0229a44ac8922cf2afd9a0e6c.
2025-11-23T20:29:55.0835174Z Opening named pipe /podr/container/pipe/3baa5d749e03_question-answer-api_main/stderr_95e6ebe0229a44ac8922cf2afd9a0e6c for reading in non-blocking mode.
2025-11-23T20:29:55.0839145Z Successfully opened named pipe: /podr/container/pipe/3baa5d749e03_question-answer-api_main/stderr_95e6ebe0229a44ac8922cf2afd9a0e6c.
2025-11-23T20:29:55.0933899Z Successfully removed non-blocking flag from /podr/container/pipe/3baa5d749e03_question-answer-api_main/stderr_95e6ebe0229a44ac8922cf2afd9a0e6c.
2025-11-23T20:29:55.1021285Z Creating container with image: vaatrregistry.azurecr.io/question-answer-api:latest from registry: vaatrregistry.azurecr.io and fully qualified image name: vaatrregistry.azurecr.io/question-answer-api:latest
2025-11-23T20:29:55.6981000Z Starting container: 3baa5d749e03_question-answer-api_main.
2025-11-23T20:29:55.8484901Z Starting watchers and probes.
2025-11-23T20:29:55.8574230Z Starting metrics collection.
2025-11-23T20:29:55.8577101Z Container is running.
2025-11-23T20:29:56.7849378Z Container start method finished after 2763 ms.
2025-11-23T20:30:31.7383192Z Container has finished running with exit code: 1.
2025-11-23T20:30:31.7470951Z Container is terminating. Grace period: 5 seconds.
2025-11-23T20:30:31.7682253Z Stop and delete container. Retry count = 0
2025-11-23T20:30:31.7761066Z Stopping container: 3baa5d749e03_question-answer-api_main.
2025-11-23T20:30:31.8466705Z Deleting container: 3baa5d749e03_question-answer-api_main. Retry count = 0
2025-11-23T20:30:32.4130028Z Container spec TerminationMessagePolicy  path 
2025-11-23T20:30:32.4195633Z Container is terminated. Total time elapsed: 652 ms.
2025-11-23T20:30:32.4207562Z Site container: question-answer-api_main terminated during site startup.
2025-11-23T20:30:32.4495365Z Site startup probe failed after 35.5752404 seconds.
2025-11-23T20:30:32.5929306Z Failed to start site. Revert by stopping site.
2025-11-23T20:30:32.6424987Z Site: question-answer-api stopped.
2025-11-23T20:30:33.6195909Z Site container: question-answer-api_managedIdentity terminated during site startup.
2025-11-23T20:30:34.0522864Z Site: question-answer-api will be blocked for 2 minutes till 11/23/2025 20:32:34
2025-11-23T20:32:34.0511618Z Site: question-answer-api is unblocked.
2025-11-23T21:04:56.5158630Z Container start method called.
2025-11-23T21:04:56.5354633Z Establishing network.
2025-11-23T21:04:56.5363374Z Pulling image: vaatrregistry.azurecr.io/question-answer-api:latest.
2025-11-23T21:04:57.4990471Z Container is starting.
2025-11-23T21:04:57.5001134Z Establishing user namespace if not established already.
2025-11-23T21:04:57.5002234Z Establishing network if not established already.
2025-11-23T21:04:57.5003139Z Mounting volumes.
2025-11-23T21:04:57.5008559Z Nested mountpoint 
2025-11-23T21:04:57.5392093Z Nested mountpoint volatile/logs
2025-11-23T21:04:57.6017794Z Nested mountpoint 
2025-11-23T21:04:57.7706879Z Nested mountpoint 
2025-11-23T21:04:57.8619058Z Creating container.
2025-11-23T21:04:57.8620044Z Creating pipes for streaming container io.
2025-11-23T21:04:57.8620775Z Creating stdout named pipe at /podr/container/pipe/a4b7cff73e40_question-answer-api_main/stdout_184188196eaf44b7804d0eaf2a249044.
2025-11-23T21:04:57.8622896Z Successfully created stdout named pipe at: /podr/container/pipe/a4b7cff73e40_question-answer-api_main/stdout_184188196eaf44b7804d0eaf2a249044.
2025-11-23T21:04:57.8623622Z Opening named pipe /podr/container/pipe/a4b7cff73e40_question-answer-api_main/stdout_184188196eaf44b7804d0eaf2a249044 for reading in non-blocking mode.
2025-11-23T21:04:57.8624494Z Successfully opened named pipe: /podr/container/pipe/a4b7cff73e40_question-answer-api_main/stdout_184188196eaf44b7804d0eaf2a249044.
2025-11-23T21:04:57.8625252Z Successfully removed non-blocking flag from /podr/container/pipe/a4b7cff73e40_question-answer-api_main/stdout_184188196eaf44b7804d0eaf2a249044.
2025-11-23T21:04:57.8626086Z Creating stderr named pipe at /podr/container/pipe/a4b7cff73e40_question-answer-api_main/stderr_792392df2ba24410bfcf1d0bc34d86db.
2025-11-23T21:04:57.8627127Z Successfully created stderr named pipe at: /podr/container/pipe/a4b7cff73e40_question-answer-api_main/stderr_792392df2ba24410bfcf1d0bc34d86db.
2025-11-23T21:04:57.8627845Z Opening named pipe /podr/container/pipe/a4b7cff73e40_question-answer-api_main/stderr_792392df2ba24410bfcf1d0bc34d86db for reading in non-blocking mode.
2025-11-23T21:04:57.8628632Z Successfully opened named pipe: /podr/container/pipe/a4b7cff73e40_question-answer-api_main/stderr_792392df2ba24410bfcf1d0bc34d86db.
2025-11-23T21:04:57.8629318Z Successfully removed non-blocking flag from /podr/container/pipe/a4b7cff73e40_question-answer-api_main/stderr_792392df2ba24410bfcf1d0bc34d86db.
2025-11-23T21:04:57.8630132Z Creating container with image: vaatrregistry.azurecr.io/question-answer-api:latest from registry: vaatrregistry.azurecr.io and fully qualified image name: vaatrregistry.azurecr.io/question-answer-api:latest
2025-11-23T21:04:58.5864347Z Starting container: a4b7cff73e40_question-answer-api_main.
2025-11-23T21:04:58.6656144Z Starting watchers and probes.
2025-11-23T21:04:58.6767790Z Starting metrics collection.
2025-11-23T21:04:58.7059154Z Container is running.
2025-11-23T21:04:58.8283856Z Container start method finished after 2310 ms.
2025-11-23T21:05:22.5146496Z Container has finished running with exit code: 1.
2025-11-23T21:05:22.5233258Z Container is terminating. Grace period: 5 seconds.
2025-11-23T21:05:22.5318167Z Stop and delete container. Retry count = 0
2025-11-23T21:05:22.5333282Z Stopping container: a4b7cff73e40_question-answer-api_main.
2025-11-23T21:05:22.6325251Z Deleting container: a4b7cff73e40_question-answer-api_main. Retry count = 0
2025-11-23T21:05:23.1203170Z Container spec TerminationMessagePolicy  path 
2025-11-23T21:05:23.1297919Z Container is terminated. Total time elapsed: 599 ms.
2025-11-23T21:05:23.1313183Z Site container: question-answer-api_main terminated during site startup.
2025-11-23T21:05:23.1567733Z Site startup probe failed after 24.127444 seconds.
2025-11-23T21:05:23.3835436Z Failed to start site. Revert by stopping site.
2025-11-23T21:05:23.4126361Z Site: question-answer-api stopped.
2025-11-23T21:21:50.8147424Z Container start method called.
2025-11-23T21:21:50.8655638Z Establishing network.
2025-11-23T21:21:50.8667539Z Pulling image: vaatrregistry.azurecr.io/question-answer-api:latest.
2025-11-23T21:21:54.6018796Z Container pull image failed with reason: ImagePullFailure. Revert by terminate.
2025-11-23T21:21:54.6037566Z Container is terminating. Grace period: 5 seconds.
2025-11-23T21:21:54.6119984Z Container spec TerminationMessagePolicy  path 
2025-11-23T21:21:54.6130023Z Container is terminated. Total time elapsed: 8 ms.
2025-11-23T21:21:54.6134307Z Site container: question-answer-api terminated during site startup.
2025-11-23T21:21:54.6440257Z Failed to start site. Revert by stopping site.
2025-11-23T21:21:54.6523058Z Site: question-answer-api stopped.
2025-11-23T21:21:57.5383065Z Container start method called.
2025-11-23T21:21:57.5386584Z Establishing network.
2025-11-23T21:21:57.5785973Z Pulling image: vaatrregistry.azurecr.io/question-answer-api:latest.
2025-11-23T21:21:59.8896858Z Container pull image failed with reason: ImagePullFailure. Revert by terminate.
2025-11-23T21:21:59.8904214Z Container is terminating. Grace period: 5 seconds.
2025-11-23T21:21:59.8907017Z Container spec TerminationMessagePolicy  path 
2025-11-23T21:21:59.8910157Z Container is terminated. Total time elapsed: 0 ms.
2025-11-23T21:21:59.8912145Z Site container: question-answer-api terminated during site startup.
2025-11-23T21:21:59.9310720Z Failed to start site. Revert by stopping site.
2025-11-23T21:21:59.9327592Z Site: question-answer-api stopped.
2025-11-23T21:22:36.6608622Z Container start method called.
2025-11-23T21:22:36.7808528Z Establishing network.
2025-11-23T21:22:36.7810442Z Pulling image: vaatrregistry.azurecr.io/question-answer-api:latest.
2025-11-23T21:22:40.4506642Z Container pull image failed with reason: ImagePullFailure. Revert by terminate.
2025-11-23T21:22:40.4517818Z Container is terminating. Grace period: 5 seconds.
2025-11-23T21:22:40.4619853Z Container spec TerminationMessagePolicy  path 
2025-11-23T21:22:40.4929907Z Container is terminated. Total time elapsed: 0 ms.
2025-11-23T21:22:40.5404882Z Site container: question-answer-api terminated during site startup.
2025-11-23T21:22:40.5925828Z Failed to start site. Revert by stopping site.
2025-11-23T21:22:40.6015834Z Site: question-answer-api stopped.
2025-11-23T21:23:04.6558889Z Container start method called.
2025-11-23T21:23:04.6650721Z Establishing network.
2025-11-23T21:23:04.6653108Z Pulling image: vaatrregistry.azurecr.io/question-answer-api:latest.
2025-11-23T21:23:06.5830944Z Container pull image failed with reason: ImagePullFailure. Revert by terminate.
2025-11-23T21:23:06.5915428Z Container is terminating. Grace period: 5 seconds.
2025-11-23T21:23:06.5928978Z Container spec TerminationMessagePolicy  path 
2025-11-23T21:23:06.6014587Z Container is terminated. Total time elapsed: 8 ms.
2025-11-23T21:23:06.6026967Z Site container: question-answer-api terminated during site startup.
2025-11-23T21:23:06.6234074Z Failed to start site. Revert by stopping site.
2025-11-23T21:23:06.6404940Z Site: question-answer-api stopped.
2025-11-23T21:27:45.7909888Z Container start method called.
2025-11-23T21:27:45.8191925Z Establishing network.
2025-11-23T21:27:45.8194011Z Pulling image: vaatrregistry.azurecr.io/question-answer-api:latest.
2025-11-23T21:27:46.9561049Z Image vaatrregistry.azurecr.io/question-answer-api:latest is pulled from registry vaatrregistry.azurecr.io
2025-11-23T21:27:46.9648670Z Container is starting.
2025-11-23T21:27:46.9656315Z Establishing user namespace if not established already.
2025-11-23T21:27:46.9666527Z Establishing network if not established already.
2025-11-23T21:27:46.9750420Z Mounting volumes.
2025-11-23T21:27:46.9758071Z Nested mountpoint 
2025-11-23T21:27:47.0275556Z Nested mountpoint volatile/logs
2025-11-23T21:27:47.0551712Z Nested mountpoint 
2025-11-23T21:27:47.0957157Z Nested mountpoint 
2025-11-23T21:27:47.2887636Z Creating container.
2025-11-23T21:27:47.2888540Z Creating pipes for streaming container io.
2025-11-23T21:27:47.2889238Z Creating stdout named pipe at /podr/container/pipe/8396ddfc16b9_question-answer-api_main/stdout_7c4d7ecd44574909b8554a0dbcbcd8d7.
2025-11-23T21:27:47.3269760Z Successfully created stdout named pipe at: /podr/container/pipe/8396ddfc16b9_question-answer-api_main/stdout_7c4d7ecd44574909b8554a0dbcbcd8d7.
2025-11-23T21:27:47.3272379Z Opening named pipe /podr/container/pipe/8396ddfc16b9_question-answer-api_main/stdout_7c4d7ecd44574909b8554a0dbcbcd8d7 for reading in non-blocking mode.
2025-11-23T21:27:47.3273511Z Successfully opened named pipe: /podr/container/pipe/8396ddfc16b9_question-answer-api_main/stdout_7c4d7ecd44574909b8554a0dbcbcd8d7.
2025-11-23T21:27:47.3274287Z Successfully removed non-blocking flag from /podr/container/pipe/8396ddfc16b9_question-answer-api_main/stdout_7c4d7ecd44574909b8554a0dbcbcd8d7.
2025-11-23T21:27:47.3275090Z Creating stderr named pipe at /podr/container/pipe/8396ddfc16b9_question-answer-api_main/stderr_6305aabfe6584557ac24b9bdacf8e4b8.
2025-11-23T21:27:47.3276370Z Successfully created stderr named pipe at: /podr/container/pipe/8396ddfc16b9_question-answer-api_main/stderr_6305aabfe6584557ac24b9bdacf8e4b8.
2025-11-23T21:27:47.3277073Z Opening named pipe /podr/container/pipe/8396ddfc16b9_question-answer-api_main/stderr_6305aabfe6584557ac24b9bdacf8e4b8 for reading in non-blocking mode.
2025-11-23T21:27:47.3277873Z Successfully opened named pipe: /podr/container/pipe/8396ddfc16b9_question-answer-api_main/stderr_6305aabfe6584557ac24b9bdacf8e4b8.
2025-11-23T21:27:47.3278646Z Successfully removed non-blocking flag from /podr/container/pipe/8396ddfc16b9_question-answer-api_main/stderr_6305aabfe6584557ac24b9bdacf8e4b8.
2025-11-23T21:27:47.3279517Z Creating container with image: vaatrregistry.azurecr.io/question-answer-api:latest from registry: vaatrregistry.azurecr.io and fully qualified image name: vaatrregistry.azurecr.io/question-answer-api:latest
2025-11-23T21:27:47.7499463Z Starting container: 8396ddfc16b9_question-answer-api_main.
2025-11-23T21:27:47.8092736Z Starting watchers and probes.
2025-11-23T21:27:47.8096679Z Starting metrics collection.
2025-11-23T21:27:47.8098453Z Container is running.
2025-11-23T21:27:48.4438471Z Container start method finished after 2632 ms.
2025-11-23T21:28:10.6376723Z Site startup probe succeeded after 22.0329821 seconds.
2025-11-23T21:28:10.8416973Z Site started.
2025-11-23T22:20:39.8922762Z Site container: question-answer-api_managedIdentity terminated during site startup.
2025-11-23T22:20:40.4661836Z Site container: question-answer-api_managedIdentity terminated. Stopping the entire site.
2025-11-23T22:20:40.4763209Z Site: question-answer-api stopped.
2025-11-23T22:21:03.8151465Z Container start method called.
2025-11-23T22:21:03.8153883Z Establishing network.
2025-11-23T22:21:03.8156314Z Pulling image: vaatrregistry.azurecr.io/question-answer-api:latest.
2025-11-23T22:21:13.1016395Z Image vaatrregistry.azurecr.io/question-answer-api:latest is pulled from registry vaatrregistry.azurecr.io
2025-11-23T22:21:13.1024425Z Container is starting.
2025-11-23T22:21:13.1117981Z Establishing user namespace if not established already.
2025-11-23T22:21:13.1128327Z Establishing network if not established already.
2025-11-23T22:21:13.1400617Z Mounting volumes.
2025-11-23T22:21:13.1403597Z Nested mountpoint 
2025-11-23T22:21:13.2017806Z Nested mountpoint volatile/logs
2025-11-23T22:21:13.2823110Z Nested mountpoint 
2025-11-23T22:21:13.3312764Z Nested mountpoint 
2025-11-23T22:21:13.7447138Z Creating container.
2025-11-23T22:21:13.7448494Z Creating pipes for streaming container io.
2025-11-23T22:21:13.7449599Z Creating stdout named pipe at /podr/container/pipe/6c1b80666cb0_question-answer-api_main/stdout_3987ba7ee79b417583d08eb2f3e5cd2d.
2025-11-23T22:21:13.7762438Z Successfully created stdout named pipe at: /podr/container/pipe/6c1b80666cb0_question-answer-api_main/stdout_3987ba7ee79b417583d08eb2f3e5cd2d.
2025-11-23T22:21:13.7765101Z Opening named pipe /podr/container/pipe/6c1b80666cb0_question-answer-api_main/stdout_3987ba7ee79b417583d08eb2f3e5cd2d for reading in non-blocking mode.
2025-11-23T22:21:13.7766414Z Successfully opened named pipe: /podr/container/pipe/6c1b80666cb0_question-answer-api_main/stdout_3987ba7ee79b417583d08eb2f3e5cd2d.
2025-11-23T22:21:13.7767402Z Successfully removed non-blocking flag from /podr/container/pipe/6c1b80666cb0_question-answer-api_main/stdout_3987ba7ee79b417583d08eb2f3e5cd2d.
2025-11-23T22:21:13.7768280Z Creating stderr named pipe at /podr/container/pipe/6c1b80666cb0_question-answer-api_main/stderr_5a052b91fea54cfd9c5449b3d3aa2528.
2025-11-23T22:21:13.8163132Z Successfully created stderr named pipe at: /podr/container/pipe/6c1b80666cb0_question-answer-api_main/stderr_5a052b91fea54cfd9c5449b3d3aa2528.
2025-11-23T22:21:13.8244001Z Opening named pipe /podr/container/pipe/6c1b80666cb0_question-answer-api_main/stderr_5a052b91fea54cfd9c5449b3d3aa2528 for reading in non-blocking mode.
2025-11-23T22:21:13.8253040Z Successfully opened named pipe: /podr/container/pipe/6c1b80666cb0_question-answer-api_main/stderr_5a052b91fea54cfd9c5449b3d3aa2528.
2025-11-23T22:21:13.8268430Z Successfully removed non-blocking flag from /podr/container/pipe/6c1b80666cb0_question-answer-api_main/stderr_5a052b91fea54cfd9c5449b3d3aa2528.
2025-11-23T22:21:13.8668144Z Creating container with image: vaatrregistry.azurecr.io/question-answer-api:latest from registry: vaatrregistry.azurecr.io and fully qualified image name: vaatrregistry.azurecr.io/question-answer-api:latest
2025-11-23T22:21:15.2446383Z Starting container: 6c1b80666cb0_question-answer-api_main.
2025-11-23T22:21:15.3758303Z Starting watchers and probes.
2025-11-23T22:21:15.4153253Z Starting metrics collection.
2025-11-23T22:21:15.4254302Z Container is running.
2025-11-23T22:21:15.5460769Z Container start method finished after 11730 ms.
2025-11-23T22:21:49.9302987Z Site startup probe succeeded after 34.084322 seconds.
2025-11-23T22:21:50.2575702Z Site started.
2025-11-23T22:22:10.3047961Z Container is terminating. Grace period: 5 seconds.
2025-11-23T22:22:10.3843489Z Stop and delete container. Retry count = 0
2025-11-23T22:22:10.3848332Z Stopping container: 8396ddfc16b9_question-answer-api_main.
2025-11-23T22:22:15.8710488Z Deleting container: 8396ddfc16b9_question-answer-api_main. Retry count = 0
2025-11-23T22:22:18.1746568Z Container spec TerminationMessagePolicy  path 
2025-11-23T22:22:18.1771670Z Container is terminated. Total time elapsed: 7869 ms.
2025-11-23T22:22:18.3067305Z Site: question-answer-api stopped.
2025-11-23T23:18:42.7042861Z Container start method called.
2025-11-23T23:18:42.7233098Z Establishing network.
2025-11-23T23:18:42.7238600Z Pulling image: vaatrregistry.azurecr.io/question-answer-api:latest.
2025-11-23T23:18:49.3767241Z Container pull image failed with reason: ImagePullFailure. Revert by terminate.
2025-11-23T23:18:49.3856811Z Container is terminating. Grace period: 5 seconds.
2025-11-23T23:18:49.3864616Z Container spec TerminationMessagePolicy  path 
2025-11-23T23:18:49.4065496Z Container is terminated. Total time elapsed: 19 ms.
2025-11-23T23:18:49.4155625Z Site container: question-answer-api terminated during site startup.
2025-11-23T23:18:49.5163889Z Failed to start site. Revert by stopping site.
2025-11-23T23:18:49.5463346Z Site: question-answer-api stopped.
2025-11-23T23:19:11.3789599Z Container is terminating. Grace period: 5 seconds.
2025-11-23T23:19:11.4084443Z Stop and delete container. Retry count = 0
2025-11-23T23:19:11.4092958Z Stopping container: 6c1b80666cb0_question-answer-api_main.
2025-11-23T23:19:16.6754143Z Deleting container: 6c1b80666cb0_question-answer-api_main. Retry count = 0
2025-11-23T23:19:17.2249467Z Container spec TerminationMessagePolicy  path 
2025-11-23T23:19:17.2270913Z Container is terminated. Total time elapsed: 5841 ms.
2025-11-23T23:19:17.2357232Z Site: question-answer-api stopped.
2025-11-23T23:19:21.9302586Z Container start method called.
2025-11-23T23:19:21.9986941Z Establishing network.
2025-11-23T23:19:21.9988607Z Pulling image: vaatrregistry.azurecr.io/question-answer-api:latest.
2025-11-23T23:19:23.6958042Z Container pull image failed with reason: ImagePullFailure. Revert by terminate.
2025-11-23T23:19:23.7037629Z Container is terminating. Grace period: 5 seconds.
2025-11-23T23:19:23.7039183Z Container spec TerminationMessagePolicy  path 
2025-11-23T23:19:23.7042058Z Container is terminated. Total time elapsed: 0 ms.
2025-11-23T23:19:23.7171364Z Site container: question-answer-api terminated during site startup.
2025-11-23T23:19:23.7740111Z Failed to start site. Revert by stopping site.
2025-11-23T23:19:23.7744948Z Site: question-answer-api stopped.
2025-11-23T23:22:48.9837894Z Container start method called.
2025-11-23T23:22:49.0138151Z Establishing network.
2025-11-23T23:22:49.0143184Z Pulling image: vaatrregistry.azurecr.io/question-answer-api:latest.
2025-11-23T23:22:50.6172592Z Container pull image failed with reason: ImagePullFailure. Revert by terminate.
2025-11-23T23:22:50.6180486Z Container is terminating. Grace period: 5 seconds.
2025-11-23T23:22:50.6266090Z Container spec TerminationMessagePolicy  path 
2025-11-23T23:22:50.6273387Z Container is terminated. Total time elapsed: 8 ms.
2025-11-23T23:22:50.6280010Z Site container: question-answer-api terminated during site startup.
2025-11-23T23:22:50.6792851Z Failed to start site. Revert by stopping site.
2025-11-23T23:22:50.6969287Z Site: question-answer-api stopped.
2025-11-23T23:24:04.0827811Z Container start method called.
2025-11-23T23:24:04.0830295Z Establishing network.
2025-11-23T23:24:04.0834500Z Pulling image: vaatrregistry.azurecr.io/question-answer-api:latest.
2025-11-23T23:24:06.5109086Z Container pull image failed with reason: ImagePullFailure. Revert by terminate.
2025-11-23T23:24:06.5195517Z Container is terminating. Grace period: 5 seconds.
2025-11-23T23:24:06.5208958Z Container spec TerminationMessagePolicy  path 
2025-11-23T23:24:06.5223169Z Container is terminated. Total time elapsed: 1 ms.
2025-11-23T23:24:06.5302309Z Site container: question-answer-api terminated during site startup.
2025-11-23T23:24:06.5619628Z Failed to start site. Revert by stopping site.
2025-11-23T23:24:06.5717784Z Site: question-answer-api stopped.
2025-11-23T23:28:56.7221503Z Container start method called.
2025-11-23T23:28:56.7347054Z Establishing network.
2025-11-23T23:28:56.7348507Z Pulling image: vaatrregistry.azurecr.io/question-answer-api:latest.
2025-11-23T23:28:57.3431120Z Container pull image failed with reason: ImagePullFailure. Revert by terminate.
2025-11-23T23:28:57.3435833Z Container is terminating. Grace period: 5 seconds.
2025-11-23T23:28:57.3437141Z Container spec TerminationMessagePolicy  path 
2025-11-23T23:28:57.3533747Z Container is terminated. Total time elapsed: 0 ms.
2025-11-23T23:28:57.3539923Z Site container: question-answer-api terminated during site startup.
2025-11-23T23:28:57.3632057Z Failed to start site. Revert by stopping site.
2025-11-23T23:28:57.3634315Z Site: question-answer-api stopped.
2025-11-23T23:28:58.9258238Z Site container: question-answer-api_managedIdentity terminated during site startup.
2025-11-23T23:31:45.3854265Z Container start method called.
2025-11-23T23:31:45.3871619Z Establishing network.
2025-11-23T23:31:45.4053272Z Pulling image: vaatrregistry.azurecr.io/question-answer-api:latest.
2025-11-23T23:31:45.9602593Z Container pull image failed with reason: ImagePullFailure. Revert by terminate.
2025-11-23T23:31:45.9616611Z Container is terminating. Grace period: 5 seconds.
2025-11-23T23:31:45.9795492Z Container spec TerminationMessagePolicy  path 
2025-11-23T23:31:45.9814419Z Container is terminated. Total time elapsed: 18 ms.
2025-11-23T23:31:45.9896259Z Site container: question-answer-api terminated during site startup.
2025-11-23T23:31:46.0100599Z Failed to start site. Revert by stopping site.
2025-11-23T23:31:46.0117888Z Site: question-answer-api stopped.
2025-11-23T23:36:02.0585822Z Container start method called.
2025-11-23T23:36:02.0914242Z Establishing network.
2025-11-23T23:36:02.0915553Z Pulling image: vaatrregistry.azurecr.io/question-answer-api:latest.
2025-11-23T23:36:07.5495769Z Image vaatrregistry.azurecr.io/question-answer-api:latest is pulled from registry vaatrregistry.azurecr.io
2025-11-23T23:36:07.5496830Z Container is starting.
2025-11-23T23:36:07.5708420Z Establishing user namespace if not established already.
2025-11-23T23:36:07.5718468Z Establishing network if not established already.
2025-11-23T23:36:07.5798290Z Mounting volumes.
2025-11-23T23:36:07.5813771Z Nested mountpoint 
2025-11-23T23:36:07.6517613Z Nested mountpoint volatile/logs
2025-11-23T23:36:07.6709830Z Nested mountpoint 
2025-11-23T23:36:07.7811124Z Nested mountpoint 
2025-11-23T23:36:07.9223627Z Creating container.
2025-11-23T23:36:07.9512624Z Creating pipes for streaming container io.
2025-11-23T23:36:07.9531686Z Creating stdout named pipe at /podr/container/pipe/9349620a39b7_question-answer-api_main/stdout_6efb55395a3347b8a8a338bcc2b82ea0.
2025-11-23T23:36:08.0129127Z Successfully created stdout named pipe at: /podr/container/pipe/9349620a39b7_question-answer-api_main/stdout_6efb55395a3347b8a8a338bcc2b82ea0.
2025-11-23T23:36:08.0131459Z Opening named pipe /podr/container/pipe/9349620a39b7_question-answer-api_main/stdout_6efb55395a3347b8a8a338bcc2b82ea0 for reading in non-blocking mode.
2025-11-23T23:36:08.0143985Z Successfully opened named pipe: /podr/container/pipe/9349620a39b7_question-answer-api_main/stdout_6efb55395a3347b8a8a338bcc2b82ea0.
2025-11-23T23:36:08.0340539Z Successfully removed non-blocking flag from /podr/container/pipe/9349620a39b7_question-answer-api_main/stdout_6efb55395a3347b8a8a338bcc2b82ea0.
2025-11-23T23:36:08.0421763Z Creating stderr named pipe at /podr/container/pipe/9349620a39b7_question-answer-api_main/stderr_784084241ea84ec7a261412f18b5f547.
2025-11-23T23:36:08.0427736Z Successfully created stderr named pipe at: /podr/container/pipe/9349620a39b7_question-answer-api_main/stderr_784084241ea84ec7a261412f18b5f547.
2025-11-23T23:36:08.0430451Z Opening named pipe /podr/container/pipe/9349620a39b7_question-answer-api_main/stderr_784084241ea84ec7a261412f18b5f547 for reading in non-blocking mode.
2025-11-23T23:36:08.0434063Z Successfully opened named pipe: /podr/container/pipe/9349620a39b7_question-answer-api_main/stderr_784084241ea84ec7a261412f18b5f547.
2025-11-23T23:36:08.0436415Z Successfully removed non-blocking flag from /podr/container/pipe/9349620a39b7_question-answer-api_main/stderr_784084241ea84ec7a261412f18b5f547.
2025-11-23T23:36:08.0439079Z Creating container with image: vaatrregistry.azurecr.io/question-answer-api:latest from registry: vaatrregistry.azurecr.io and fully qualified image name: vaatrregistry.azurecr.io/question-answer-api:latest
2025-11-23T23:36:08.8679564Z Starting container: 9349620a39b7_question-answer-api_main.
2025-11-23T23:36:09.0097025Z Starting watchers and probes.
2025-11-23T23:36:09.0193017Z Starting metrics collection.
2025-11-23T23:36:09.0194628Z Container is running.
2025-11-23T23:36:09.2598631Z Container start method finished after 7168 ms.
2025-11-23T23:36:33.4986821Z Site startup probe succeeded after 24.037083 seconds.
2025-11-23T23:36:33.6881223Z Site started.
